  OOAss.cpp
D:\Users\AJones45\Documents\GitHub\OOAss\Map.cpp(30,1): warning C4812:  obsolete declaration style: please use 'CMap<K,V>::CMap' instead
D:\Users\AJones45\Documents\GitHub\OOAss\Map.cpp(30,1): warning C4812:  obsolete declaration style: please use 'CMap<K,V>::CMap' instead
D:\Users\AJones45\Documents\GitHub\OOAss\Map.cpp(30,1): warning C4812:         with
D:\Users\AJones45\Documents\GitHub\OOAss\Map.cpp(30,1): warning C4812:         [
D:\Users\AJones45\Documents\GitHub\OOAss\Map.cpp(30,1): warning C4812:             K=int,
D:\Users\AJones45\Documents\GitHub\OOAss\Map.cpp(30,1): warning C4812:             V=int
D:\Users\AJones45\Documents\GitHub\OOAss\Map.cpp(30,1): warning C4812:         ]
D:\Users\AJones45\Documents\GitHub\OOAss\Map.cpp(31): message :  while compiling class template member function 'CMap<K,V>::CMap(void)'
D:\Users\AJones45\Documents\GitHub\OOAss\Map.cpp(31): message :         with
D:\Users\AJones45\Documents\GitHub\OOAss\Map.cpp(31): message :         [
D:\Users\AJones45\Documents\GitHub\OOAss\Map.cpp(31): message :             K=int,
D:\Users\AJones45\Documents\GitHub\OOAss\Map.cpp(31): message :             V=int
D:\Users\AJones45\Documents\GitHub\OOAss\Map.cpp(31): message :         ]
D:\Users\AJones45\Documents\GitHub\OOAss\OOAss.cpp(68): message :  see reference to function template instantiation 'CMap<K,V>::CMap(void)' being compiled
D:\Users\AJones45\Documents\GitHub\OOAss\OOAss.cpp(68): message :         with
D:\Users\AJones45\Documents\GitHub\OOAss\OOAss.cpp(68): message :         [
D:\Users\AJones45\Documents\GitHub\OOAss\OOAss.cpp(68): message :             K=int,
D:\Users\AJones45\Documents\GitHub\OOAss\OOAss.cpp(68): message :             V=int
D:\Users\AJones45\Documents\GitHub\OOAss\OOAss.cpp(68): message :         ]
D:\Users\AJones45\Documents\GitHub\OOAss\OOAss.cpp(68): message :  see reference to class template instantiation 'CMap<K,V>' being compiled
D:\Users\AJones45\Documents\GitHub\OOAss\OOAss.cpp(68): message :         with
D:\Users\AJones45\Documents\GitHub\OOAss\OOAss.cpp(68): message :         [
D:\Users\AJones45\Documents\GitHub\OOAss\OOAss.cpp(68): message :             K=int,
D:\Users\AJones45\Documents\GitHub\OOAss\OOAss.cpp(68): message :             V=int
D:\Users\AJones45\Documents\GitHub\OOAss\OOAss.cpp(68): message :         ]
D:\Users\AJones45\Documents\GitHub\OOAss\OOAss.cpp(25): message :  see reference to function template instantiation 'void testCase<int,int>(K [],V [])' being compiled
D:\Users\AJones45\Documents\GitHub\OOAss\OOAss.cpp(25): message :         with
D:\Users\AJones45\Documents\GitHub\OOAss\OOAss.cpp(25): message :         [
D:\Users\AJones45\Documents\GitHub\OOAss\OOAss.cpp(25): message :             K=int,
D:\Users\AJones45\Documents\GitHub\OOAss\OOAss.cpp(25): message :             V=int
D:\Users\AJones45\Documents\GitHub\OOAss\OOAss.cpp(25): message :         ]
D:\Users\AJones45\Documents\GitHub\OOAss\Map.cpp(30,1): warning C4812:  obsolete declaration style: please use 'CMap<K,V>::CMap' instead
D:\Users\AJones45\Documents\GitHub\OOAss\Map.cpp(30,1): warning C4812:         with
D:\Users\AJones45\Documents\GitHub\OOAss\Map.cpp(30,1): warning C4812:         [
D:\Users\AJones45\Documents\GitHub\OOAss\Map.cpp(30,1): warning C4812:             K=int,
D:\Users\AJones45\Documents\GitHub\OOAss\Map.cpp(30,1): warning C4812:             V=double
D:\Users\AJones45\Documents\GitHub\OOAss\Map.cpp(30,1): warning C4812:         ]
D:\Users\AJones45\Documents\GitHub\OOAss\Map.cpp(31): message :  while compiling class template member function 'CMap<K,V>::CMap(void)'
D:\Users\AJones45\Documents\GitHub\OOAss\Map.cpp(31): message :         with
D:\Users\AJones45\Documents\GitHub\OOAss\Map.cpp(31): message :         [
D:\Users\AJones45\Documents\GitHub\OOAss\Map.cpp(31): message :             K=int,
D:\Users\AJones45\Documents\GitHub\OOAss\Map.cpp(31): message :             V=double
D:\Users\AJones45\Documents\GitHub\OOAss\Map.cpp(31): message :         ]
D:\Users\AJones45\Documents\GitHub\OOAss\OOAss.cpp(68): message :  see reference to function template instantiation 'CMap<K,V>::CMap(void)' being compiled
D:\Users\AJones45\Documents\GitHub\OOAss\OOAss.cpp(68): message :         with
D:\Users\AJones45\Documents\GitHub\OOAss\OOAss.cpp(68): message :         [
D:\Users\AJones45\Documents\GitHub\OOAss\OOAss.cpp(68): message :             K=int,
D:\Users\AJones45\Documents\GitHub\OOAss\OOAss.cpp(68): message :             V=double
D:\Users\AJones45\Documents\GitHub\OOAss\OOAss.cpp(68): message :         ]
D:\Users\AJones45\Documents\GitHub\OOAss\OOAss.cpp(68): message :  see reference to class template instantiation 'CMap<K,V>' being compiled
D:\Users\AJones45\Documents\GitHub\OOAss\OOAss.cpp(68): message :         with
D:\Users\AJones45\Documents\GitHub\OOAss\OOAss.cpp(68): message :         [
D:\Users\AJones45\Documents\GitHub\OOAss\OOAss.cpp(68): message :             K=int,
D:\Users\AJones45\Documents\GitHub\OOAss\OOAss.cpp(68): message :             V=double
D:\Users\AJones45\Documents\GitHub\OOAss\OOAss.cpp(68): message :         ]
D:\Users\AJones45\Documents\GitHub\OOAss\OOAss.cpp(26): message :  see reference to function template instantiation 'void testCase<int,double>(K [],V [])' being compiled
D:\Users\AJones45\Documents\GitHub\OOAss\OOAss.cpp(26): message :         with
D:\Users\AJones45\Documents\GitHub\OOAss\OOAss.cpp(26): message :         [
D:\Users\AJones45\Documents\GitHub\OOAss\OOAss.cpp(26): message :             K=int,
D:\Users\AJones45\Documents\GitHub\OOAss\OOAss.cpp(26): message :             V=double
D:\Users\AJones45\Documents\GitHub\OOAss\OOAss.cpp(26): message :         ]
D:\Users\AJones45\Documents\GitHub\OOAss\Map.cpp(30,1): warning C4812:  obsolete declaration style: please use 'CMap<K,V>::CMap' instead
D:\Users\AJones45\Documents\GitHub\OOAss\Map.cpp(30,1): warning C4812:         with
D:\Users\AJones45\Documents\GitHub\OOAss\Map.cpp(30,1): warning C4812:         [
D:\Users\AJones45\Documents\GitHub\OOAss\Map.cpp(30,1): warning C4812:             K=int,
D:\Users\AJones45\Documents\GitHub\OOAss\Map.cpp(30,1): warning C4812:             V=float
D:\Users\AJones45\Documents\GitHub\OOAss\Map.cpp(30,1): warning C4812:         ]
D:\Users\AJones45\Documents\GitHub\OOAss\Map.cpp(31): message :  while compiling class template member function 'CMap<K,V>::CMap(void)'
D:\Users\AJones45\Documents\GitHub\OOAss\Map.cpp(31): message :         with
D:\Users\AJones45\Documents\GitHub\OOAss\Map.cpp(31): message :         [
D:\Users\AJones45\Documents\GitHub\OOAss\Map.cpp(31): message :             K=int,
D:\Users\AJones45\Documents\GitHub\OOAss\Map.cpp(31): message :             V=float
D:\Users\AJones45\Documents\GitHub\OOAss\Map.cpp(31): message :         ]
D:\Users\AJones45\Documents\GitHub\OOAss\OOAss.cpp(68): message :  see reference to function template instantiation 'CMap<K,V>::CMap(void)' being compiled
D:\Users\AJones45\Documents\GitHub\OOAss\OOAss.cpp(68): message :         with
D:\Users\AJones45\Documents\GitHub\OOAss\OOAss.cpp(68): message :         [
D:\Users\AJones45\Documents\GitHub\OOAss\OOAss.cpp(68): message :             K=int,
D:\Users\AJones45\Documents\GitHub\OOAss\OOAss.cpp(68): message :             V=float
D:\Users\AJones45\Documents\GitHub\OOAss\OOAss.cpp(68): message :         ]
D:\Users\AJones45\Documents\GitHub\OOAss\OOAss.cpp(68): message :  see reference to class template instantiation 'CMap<K,V>' being compiled
D:\Users\AJones45\Documents\GitHub\OOAss\OOAss.cpp(68): message :         with
D:\Users\AJones45\Documents\GitHub\OOAss\OOAss.cpp(68): message :         [
D:\Users\AJones45\Documents\GitHub\OOAss\OOAss.cpp(68): message :             K=int,
D:\Users\AJones45\Documents\GitHub\OOAss\OOAss.cpp(68): message :             V=float
D:\Users\AJones45\Documents\GitHub\OOAss\OOAss.cpp(68): message :         ]
D:\Users\AJones45\Documents\GitHub\OOAss\OOAss.cpp(27): message :  see reference to function template instantiation 'void testCase<int,float>(K [],V [])' being compiled
D:\Users\AJones45\Documents\GitHub\OOAss\OOAss.cpp(27): message :         with
D:\Users\AJones45\Documents\GitHub\OOAss\OOAss.cpp(27): message :         [
D:\Users\AJones45\Documents\GitHub\OOAss\OOAss.cpp(27): message :             K=int,
D:\Users\AJones45\Documents\GitHub\OOAss\OOAss.cpp(27): message :             V=float
D:\Users\AJones45\Documents\GitHub\OOAss\OOAss.cpp(27): message :         ]
D:\Users\AJones45\Documents\GitHub\OOAss\Map.cpp(30,1): warning C4812:  obsolete declaration style: please use 'CMap<K,V>::CMap' instead
D:\Users\AJones45\Documents\GitHub\OOAss\Map.cpp(30,1): warning C4812:         with
D:\Users\AJones45\Documents\GitHub\OOAss\Map.cpp(30,1): warning C4812:         [
D:\Users\AJones45\Documents\GitHub\OOAss\Map.cpp(30,1): warning C4812:             K=int,
D:\Users\AJones45\Documents\GitHub\OOAss\Map.cpp(30,1): warning C4812:             V=char
D:\Users\AJones45\Documents\GitHub\OOAss\Map.cpp(30,1): warning C4812:         ]
D:\Users\AJones45\Documents\GitHub\OOAss\Map.cpp(31): message :  while compiling class template member function 'CMap<K,V>::CMap(void)'
D:\Users\AJones45\Documents\GitHub\OOAss\Map.cpp(31): message :         with
D:\Users\AJones45\Documents\GitHub\OOAss\Map.cpp(31): message :         [
D:\Users\AJones45\Documents\GitHub\OOAss\Map.cpp(31): message :             K=int,
D:\Users\AJones45\Documents\GitHub\OOAss\Map.cpp(31): message :             V=char
D:\Users\AJones45\Documents\GitHub\OOAss\Map.cpp(31): message :         ]
D:\Users\AJones45\Documents\GitHub\OOAss\OOAss.cpp(68): message :  see reference to function template instantiation 'CMap<K,V>::CMap(void)' being compiled
D:\Users\AJones45\Documents\GitHub\OOAss\OOAss.cpp(68): message :         with
D:\Users\AJones45\Documents\GitHub\OOAss\OOAss.cpp(68): message :         [
D:\Users\AJones45\Documents\GitHub\OOAss\OOAss.cpp(68): message :             K=int,
D:\Users\AJones45\Documents\GitHub\OOAss\OOAss.cpp(68): message :             V=char
D:\Users\AJones45\Documents\GitHub\OOAss\OOAss.cpp(68): message :         ]
D:\Users\AJones45\Documents\GitHub\OOAss\OOAss.cpp(68): message :  see reference to class template instantiation 'CMap<K,V>' being compiled
D:\Users\AJones45\Documents\GitHub\OOAss\OOAss.cpp(68): message :         with
D:\Users\AJones45\Documents\GitHub\OOAss\OOAss.cpp(68): message :         [
D:\Users\AJones45\Documents\GitHub\OOAss\OOAss.cpp(68): message :             K=int,
D:\Users\AJones45\Documents\GitHub\OOAss\OOAss.cpp(68): message :             V=char
D:\Users\AJones45\Documents\GitHub\OOAss\OOAss.cpp(68): message :         ]
D:\Users\AJones45\Documents\GitHub\OOAss\OOAss.cpp(28): message :  see reference to function template instantiation 'void testCase<int,char>(K [],V [])' being compiled
D:\Users\AJones45\Documents\GitHub\OOAss\OOAss.cpp(28): message :         with
D:\Users\AJones45\Documents\GitHub\OOAss\OOAss.cpp(28): message :         [
D:\Users\AJones45\Documents\GitHub\OOAss\OOAss.cpp(28): message :             K=int,
D:\Users\AJones45\Documents\GitHub\OOAss\OOAss.cpp(28): message :             V=char
D:\Users\AJones45\Documents\GitHub\OOAss\OOAss.cpp(28): message :         ]
D:\Users\AJones45\Documents\GitHub\OOAss\Map.cpp(30,1): warning C4812:  obsolete declaration style: please use 'CMap<K,V>::CMap' instead
D:\Users\AJones45\Documents\GitHub\OOAss\Map.cpp(30,1): warning C4812:         with
D:\Users\AJones45\Documents\GitHub\OOAss\Map.cpp(30,1): warning C4812:         [
D:\Users\AJones45\Documents\GitHub\OOAss\Map.cpp(30,1): warning C4812:             K=int,
D:\Users\AJones45\Documents\GitHub\OOAss\Map.cpp(30,1): warning C4812:             V=std::string
D:\Users\AJones45\Documents\GitHub\OOAss\Map.cpp(30,1): warning C4812:         ]
D:\Users\AJones45\Documents\GitHub\OOAss\Map.cpp(31): message :  while compiling class template member function 'CMap<K,V>::CMap(void)'
D:\Users\AJones45\Documents\GitHub\OOAss\Map.cpp(31): message :         with
D:\Users\AJones45\Documents\GitHub\OOAss\Map.cpp(31): message :         [
D:\Users\AJones45\Documents\GitHub\OOAss\Map.cpp(31): message :             K=int,
D:\Users\AJones45\Documents\GitHub\OOAss\Map.cpp(31): message :             V=std::string
D:\Users\AJones45\Documents\GitHub\OOAss\Map.cpp(31): message :         ]
D:\Users\AJones45\Documents\GitHub\OOAss\OOAss.cpp(68): message :  see reference to function template instantiation 'CMap<K,V>::CMap(void)' being compiled
D:\Users\AJones45\Documents\GitHub\OOAss\OOAss.cpp(68): message :         with
D:\Users\AJones45\Documents\GitHub\OOAss\OOAss.cpp(68): message :         [
D:\Users\AJones45\Documents\GitHub\OOAss\OOAss.cpp(68): message :             K=int,
D:\Users\AJones45\Documents\GitHub\OOAss\OOAss.cpp(68): message :             V=std::string
D:\Users\AJones45\Documents\GitHub\OOAss\OOAss.cpp(68): message :         ]
D:\Users\AJones45\Documents\GitHub\OOAss\OOAss.cpp(68): message :  see reference to class template instantiation 'CMap<K,V>' being compiled
D:\Users\AJones45\Documents\GitHub\OOAss\OOAss.cpp(68): message :         with
D:\Users\AJones45\Documents\GitHub\OOAss\OOAss.cpp(68): message :         [
D:\Users\AJones45\Documents\GitHub\OOAss\OOAss.cpp(68): message :             K=int,
D:\Users\AJones45\Documents\GitHub\OOAss\OOAss.cpp(68): message :             V=std::string
D:\Users\AJones45\Documents\GitHub\OOAss\OOAss.cpp(68): message :         ]
D:\Users\AJones45\Documents\GitHub\OOAss\OOAss.cpp(29): message :  see reference to function template instantiation 'void testCase<int,std::string>(K [],V [])' being compiled
D:\Users\AJones45\Documents\GitHub\OOAss\OOAss.cpp(29): message :         with
D:\Users\AJones45\Documents\GitHub\OOAss\OOAss.cpp(29): message :         [
D:\Users\AJones45\Documents\GitHub\OOAss\OOAss.cpp(29): message :             K=int,
D:\Users\AJones45\Documents\GitHub\OOAss\OOAss.cpp(29): message :             V=std::string
D:\Users\AJones45\Documents\GitHub\OOAss\OOAss.cpp(29): message :         ]
D:\Users\AJones45\Documents\GitHub\OOAss\Map.cpp(30,1): warning C4812:  obsolete declaration style: please use 'CMap<K,V>::CMap' instead
D:\Users\AJones45\Documents\GitHub\OOAss\Map.cpp(30,1): warning C4812:         with
D:\Users\AJones45\Documents\GitHub\OOAss\Map.cpp(30,1): warning C4812:         [
D:\Users\AJones45\Documents\GitHub\OOAss\Map.cpp(30,1): warning C4812:             K=int,
D:\Users\AJones45\Documents\GitHub\OOAss\Map.cpp(30,1): warning C4812:             V=bool
D:\Users\AJones45\Documents\GitHub\OOAss\Map.cpp(30,1): warning C4812:         ]
D:\Users\AJones45\Documents\GitHub\OOAss\Map.cpp(31): message :  while compiling class template member function 'CMap<K,V>::CMap(void)'
D:\Users\AJones45\Documents\GitHub\OOAss\Map.cpp(31): message :         with
D:\Users\AJones45\Documents\GitHub\OOAss\Map.cpp(31): message :         [
D:\Users\AJones45\Documents\GitHub\OOAss\Map.cpp(31): message :             K=int,
D:\Users\AJones45\Documents\GitHub\OOAss\Map.cpp(31): message :             V=bool
D:\Users\AJones45\Documents\GitHub\OOAss\Map.cpp(31): message :         ]
D:\Users\AJones45\Documents\GitHub\OOAss\OOAss.cpp(68): message :  see reference to function template instantiation 'CMap<K,V>::CMap(void)' being compiled
D:\Users\AJones45\Documents\GitHub\OOAss\OOAss.cpp(68): message :         with
D:\Users\AJones45\Documents\GitHub\OOAss\OOAss.cpp(68): message :         [
D:\Users\AJones45\Documents\GitHub\OOAss\OOAss.cpp(68): message :             K=int,
D:\Users\AJones45\Documents\GitHub\OOAss\OOAss.cpp(68): message :             V=bool
D:\Users\AJones45\Documents\GitHub\OOAss\OOAss.cpp(68): message :         ]
D:\Users\AJones45\Documents\GitHub\OOAss\OOAss.cpp(68): message :  see reference to class template instantiation 'CMap<K,V>' being compiled
D:\Users\AJones45\Documents\GitHub\OOAss\OOAss.cpp(68): message :         with
D:\Users\AJones45\Documents\GitHub\OOAss\OOAss.cpp(68): message :         [
D:\Users\AJones45\Documents\GitHub\OOAss\OOAss.cpp(68): message :             K=int,
D:\Users\AJones45\Documents\GitHub\OOAss\OOAss.cpp(68): message :             V=bool
D:\Users\AJones45\Documents\GitHub\OOAss\OOAss.cpp(68): message :         ]
D:\Users\AJones45\Documents\GitHub\OOAss\OOAss.cpp(30): message :  see reference to function template instantiation 'void testCase<int,bool>(K [],V [])' being compiled
D:\Users\AJones45\Documents\GitHub\OOAss\OOAss.cpp(30): message :         with
D:\Users\AJones45\Documents\GitHub\OOAss\OOAss.cpp(30): message :         [
D:\Users\AJones45\Documents\GitHub\OOAss\OOAss.cpp(30): message :             K=int,
D:\Users\AJones45\Documents\GitHub\OOAss\OOAss.cpp(30): message :             V=bool
D:\Users\AJones45\Documents\GitHub\OOAss\OOAss.cpp(30): message :         ]
D:\Users\AJones45\Documents\GitHub\OOAss\Map.cpp(30,1): warning C4812:  obsolete declaration style: please use 'CMap<K,V>::CMap' instead
D:\Users\AJones45\Documents\GitHub\OOAss\Map.cpp(30,1): warning C4812:         with
D:\Users\AJones45\Documents\GitHub\OOAss\Map.cpp(30,1): warning C4812:         [
D:\Users\AJones45\Documents\GitHub\OOAss\Map.cpp(30,1): warning C4812:             K=double,
D:\Users\AJones45\Documents\GitHub\OOAss\Map.cpp(30,1): warning C4812:             V=int
D:\Users\AJones45\Documents\GitHub\OOAss\Map.cpp(30,1): warning C4812:         ]
D:\Users\AJones45\Documents\GitHub\OOAss\Map.cpp(31): message :  while compiling class template member function 'CMap<K,V>::CMap(void)'
D:\Users\AJones45\Documents\GitHub\OOAss\Map.cpp(31): message :         with
D:\Users\AJones45\Documents\GitHub\OOAss\Map.cpp(31): message :         [
D:\Users\AJones45\Documents\GitHub\OOAss\Map.cpp(31): message :             K=double,
D:\Users\AJones45\Documents\GitHub\OOAss\Map.cpp(31): message :             V=int
D:\Users\AJones45\Documents\GitHub\OOAss\Map.cpp(31): message :         ]
D:\Users\AJones45\Documents\GitHub\OOAss\OOAss.cpp(68): message :  see reference to function template instantiation 'CMap<K,V>::CMap(void)' being compiled
D:\Users\AJones45\Documents\GitHub\OOAss\OOAss.cpp(68): message :         with
D:\Users\AJones45\Documents\GitHub\OOAss\OOAss.cpp(68): message :         [
D:\Users\AJones45\Documents\GitHub\OOAss\OOAss.cpp(68): message :             K=double,
D:\Users\AJones45\Documents\GitHub\OOAss\OOAss.cpp(68): message :             V=int
D:\Users\AJones45\Documents\GitHub\OOAss\OOAss.cpp(68): message :         ]
D:\Users\AJones45\Documents\GitHub\OOAss\OOAss.cpp(68): message :  see reference to class template instantiation 'CMap<K,V>' being compiled
D:\Users\AJones45\Documents\GitHub\OOAss\OOAss.cpp(68): message :         with
D:\Users\AJones45\Documents\GitHub\OOAss\OOAss.cpp(68): message :         [
D:\Users\AJones45\Documents\GitHub\OOAss\OOAss.cpp(68): message :             K=double,
D:\Users\AJones45\Documents\GitHub\OOAss\OOAss.cpp(68): message :             V=int
D:\Users\AJones45\Documents\GitHub\OOAss\OOAss.cpp(68): message :         ]
D:\Users\AJones45\Documents\GitHub\OOAss\OOAss.cpp(32): message :  see reference to function template instantiation 'void testCase<double,int>(K [],V [])' being compiled
D:\Users\AJones45\Documents\GitHub\OOAss\OOAss.cpp(32): message :         with
D:\Users\AJones45\Documents\GitHub\OOAss\OOAss.cpp(32): message :         [
D:\Users\AJones45\Documents\GitHub\OOAss\OOAss.cpp(32): message :             K=double,
D:\Users\AJones45\Documents\GitHub\OOAss\OOAss.cpp(32): message :             V=int
D:\Users\AJones45\Documents\GitHub\OOAss\OOAss.cpp(32): message :         ]
D:\Users\AJones45\Documents\GitHub\OOAss\Map.cpp(30,1): warning C4812:  obsolete declaration style: please use 'CMap<K,V>::CMap' instead
D:\Users\AJones45\Documents\GitHub\OOAss\Map.cpp(30,1): warning C4812:         with
D:\Users\AJones45\Documents\GitHub\OOAss\Map.cpp(30,1): warning C4812:         [
D:\Users\AJones45\Documents\GitHub\OOAss\Map.cpp(30,1): warning C4812:             K=double,
D:\Users\AJones45\Documents\GitHub\OOAss\Map.cpp(30,1): warning C4812:             V=double
D:\Users\AJones45\Documents\GitHub\OOAss\Map.cpp(30,1): warning C4812:         ]
D:\Users\AJones45\Documents\GitHub\OOAss\Map.cpp(31): message :  while compiling class template member function 'CMap<K,V>::CMap(void)'
D:\Users\AJones45\Documents\GitHub\OOAss\Map.cpp(31): message :         with
D:\Users\AJones45\Documents\GitHub\OOAss\Map.cpp(31): message :         [
D:\Users\AJones45\Documents\GitHub\OOAss\Map.cpp(31): message :             K=double,
D:\Users\AJones45\Documents\GitHub\OOAss\Map.cpp(31): message :             V=double
D:\Users\AJones45\Documents\GitHub\OOAss\Map.cpp(31): message :         ]
D:\Users\AJones45\Documents\GitHub\OOAss\OOAss.cpp(68): message :  see reference to function template instantiation 'CMap<K,V>::CMap(void)' being compiled
D:\Users\AJones45\Documents\GitHub\OOAss\OOAss.cpp(68): message :         with
D:\Users\AJones45\Documents\GitHub\OOAss\OOAss.cpp(68): message :         [
D:\Users\AJones45\Documents\GitHub\OOAss\OOAss.cpp(68): message :             K=double,
D:\Users\AJones45\Documents\GitHub\OOAss\OOAss.cpp(68): message :             V=double
D:\Users\AJones45\Documents\GitHub\OOAss\OOAss.cpp(68): message :         ]
D:\Users\AJones45\Documents\GitHub\OOAss\OOAss.cpp(68): message :  see reference to class template instantiation 'CMap<K,V>' being compiled
D:\Users\AJones45\Documents\GitHub\OOAss\OOAss.cpp(68): message :         with
D:\Users\AJones45\Documents\GitHub\OOAss\OOAss.cpp(68): message :         [
D:\Users\AJones45\Documents\GitHub\OOAss\OOAss.cpp(68): message :             K=double,
D:\Users\AJones45\Documents\GitHub\OOAss\OOAss.cpp(68): message :             V=double
D:\Users\AJones45\Documents\GitHub\OOAss\OOAss.cpp(68): message :         ]
D:\Users\AJones45\Documents\GitHub\OOAss\OOAss.cpp(33): message :  see reference to function template instantiation 'void testCase<double,double>(K [],V [])' being compiled
D:\Users\AJones45\Documents\GitHub\OOAss\OOAss.cpp(33): message :         with
D:\Users\AJones45\Documents\GitHub\OOAss\OOAss.cpp(33): message :         [
D:\Users\AJones45\Documents\GitHub\OOAss\OOAss.cpp(33): message :             K=double,
D:\Users\AJones45\Documents\GitHub\OOAss\OOAss.cpp(33): message :             V=double
D:\Users\AJones45\Documents\GitHub\OOAss\OOAss.cpp(33): message :         ]
D:\Users\AJones45\Documents\GitHub\OOAss\Map.cpp(30,1): warning C4812:  obsolete declaration style: please use 'CMap<K,V>::CMap' instead
D:\Users\AJones45\Documents\GitHub\OOAss\Map.cpp(30,1): warning C4812:         with
D:\Users\AJones45\Documents\GitHub\OOAss\Map.cpp(30,1): warning C4812:         [
D:\Users\AJones45\Documents\GitHub\OOAss\Map.cpp(30,1): warning C4812:             K=double,
D:\Users\AJones45\Documents\GitHub\OOAss\Map.cpp(30,1): warning C4812:             V=float
D:\Users\AJones45\Documents\GitHub\OOAss\Map.cpp(30,1): warning C4812:         ]
D:\Users\AJones45\Documents\GitHub\OOAss\Map.cpp(31): message :  while compiling class template member function 'CMap<K,V>::CMap(void)'
D:\Users\AJones45\Documents\GitHub\OOAss\Map.cpp(31): message :         with
D:\Users\AJones45\Documents\GitHub\OOAss\Map.cpp(31): message :         [
D:\Users\AJones45\Documents\GitHub\OOAss\Map.cpp(31): message :             K=double,
D:\Users\AJones45\Documents\GitHub\OOAss\Map.cpp(31): message :             V=float
D:\Users\AJones45\Documents\GitHub\OOAss\Map.cpp(31): message :         ]
D:\Users\AJones45\Documents\GitHub\OOAss\OOAss.cpp(68): message :  see reference to function template instantiation 'CMap<K,V>::CMap(void)' being compiled
D:\Users\AJones45\Documents\GitHub\OOAss\OOAss.cpp(68): message :         with
D:\Users\AJones45\Documents\GitHub\OOAss\OOAss.cpp(68): message :         [
D:\Users\AJones45\Documents\GitHub\OOAss\OOAss.cpp(68): message :             K=double,
D:\Users\AJones45\Documents\GitHub\OOAss\OOAss.cpp(68): message :             V=float
D:\Users\AJones45\Documents\GitHub\OOAss\OOAss.cpp(68): message :         ]
D:\Users\AJones45\Documents\GitHub\OOAss\OOAss.cpp(68): message :  see reference to class template instantiation 'CMap<K,V>' being compiled
D:\Users\AJones45\Documents\GitHub\OOAss\OOAss.cpp(68): message :         with
D:\Users\AJones45\Documents\GitHub\OOAss\OOAss.cpp(68): message :         [
D:\Users\AJones45\Documents\GitHub\OOAss\OOAss.cpp(68): message :             K=double,
D:\Users\AJones45\Documents\GitHub\OOAss\OOAss.cpp(68): message :             V=float
D:\Users\AJones45\Documents\GitHub\OOAss\OOAss.cpp(68): message :         ]
D:\Users\AJones45\Documents\GitHub\OOAss\OOAss.cpp(34): message :  see reference to function template instantiation 'void testCase<double,float>(K [],V [])' being compiled
D:\Users\AJones45\Documents\GitHub\OOAss\OOAss.cpp(34): message :         with
D:\Users\AJones45\Documents\GitHub\OOAss\OOAss.cpp(34): message :         [
D:\Users\AJones45\Documents\GitHub\OOAss\OOAss.cpp(34): message :             K=double,
D:\Users\AJones45\Documents\GitHub\OOAss\OOAss.cpp(34): message :             V=float
D:\Users\AJones45\Documents\GitHub\OOAss\OOAss.cpp(34): message :         ]
D:\Users\AJones45\Documents\GitHub\OOAss\Map.cpp(30,1): warning C4812:  obsolete declaration style: please use 'CMap<K,V>::CMap' instead
D:\Users\AJones45\Documents\GitHub\OOAss\Map.cpp(30,1): warning C4812:         with
D:\Users\AJones45\Documents\GitHub\OOAss\Map.cpp(30,1): warning C4812:         [
D:\Users\AJones45\Documents\GitHub\OOAss\Map.cpp(30,1): warning C4812:             K=double,
D:\Users\AJones45\Documents\GitHub\OOAss\Map.cpp(30,1): warning C4812:             V=char
D:\Users\AJones45\Documents\GitHub\OOAss\Map.cpp(30,1): warning C4812:         ]
D:\Users\AJones45\Documents\GitHub\OOAss\Map.cpp(31): message :  while compiling class template member function 'CMap<K,V>::CMap(void)'
D:\Users\AJones45\Documents\GitHub\OOAss\Map.cpp(31): message :         with
D:\Users\AJones45\Documents\GitHub\OOAss\Map.cpp(31): message :         [
D:\Users\AJones45\Documents\GitHub\OOAss\Map.cpp(31): message :             K=double,
D:\Users\AJones45\Documents\GitHub\OOAss\Map.cpp(31): message :             V=char
D:\Users\AJones45\Documents\GitHub\OOAss\Map.cpp(31): message :         ]
D:\Users\AJones45\Documents\GitHub\OOAss\OOAss.cpp(68): message :  see reference to function template instantiation 'CMap<K,V>::CMap(void)' being compiled
D:\Users\AJones45\Documents\GitHub\OOAss\OOAss.cpp(68): message :         with
D:\Users\AJones45\Documents\GitHub\OOAss\OOAss.cpp(68): message :         [
D:\Users\AJones45\Documents\GitHub\OOAss\OOAss.cpp(68): message :             K=double,
D:\Users\AJones45\Documents\GitHub\OOAss\OOAss.cpp(68): message :             V=char
D:\Users\AJones45\Documents\GitHub\OOAss\OOAss.cpp(68): message :         ]
D:\Users\AJones45\Documents\GitHub\OOAss\OOAss.cpp(68): message :  see reference to class template instantiation 'CMap<K,V>' being compiled
D:\Users\AJones45\Documents\GitHub\OOAss\OOAss.cpp(68): message :         with
D:\Users\AJones45\Documents\GitHub\OOAss\OOAss.cpp(68): message :         [
D:\Users\AJones45\Documents\GitHub\OOAss\OOAss.cpp(68): message :             K=double,
D:\Users\AJones45\Documents\GitHub\OOAss\OOAss.cpp(68): message :             V=char
D:\Users\AJones45\Documents\GitHub\OOAss\OOAss.cpp(68): message :         ]
D:\Users\AJones45\Documents\GitHub\OOAss\OOAss.cpp(35): message :  see reference to function template instantiation 'void testCase<double,char>(K [],V [])' being compiled
D:\Users\AJones45\Documents\GitHub\OOAss\OOAss.cpp(35): message :         with
D:\Users\AJones45\Documents\GitHub\OOAss\OOAss.cpp(35): message :         [
D:\Users\AJones45\Documents\GitHub\OOAss\OOAss.cpp(35): message :             K=double,
D:\Users\AJones45\Documents\GitHub\OOAss\OOAss.cpp(35): message :             V=char
D:\Users\AJones45\Documents\GitHub\OOAss\OOAss.cpp(35): message :         ]
D:\Users\AJones45\Documents\GitHub\OOAss\Map.cpp(30,1): warning C4812:  obsolete declaration style: please use 'CMap<K,V>::CMap' instead
D:\Users\AJones45\Documents\GitHub\OOAss\Map.cpp(30,1): warning C4812:         with
D:\Users\AJones45\Documents\GitHub\OOAss\Map.cpp(30,1): warning C4812:         [
D:\Users\AJones45\Documents\GitHub\OOAss\Map.cpp(30,1): warning C4812:             K=double,
D:\Users\AJones45\Documents\GitHub\OOAss\Map.cpp(30,1): warning C4812:             V=std::string
D:\Users\AJones45\Documents\GitHub\OOAss\Map.cpp(30,1): warning C4812:         ]
D:\Users\AJones45\Documents\GitHub\OOAss\Map.cpp(31): message :  while compiling class template member function 'CMap<K,V>::CMap(void)'
D:\Users\AJones45\Documents\GitHub\OOAss\Map.cpp(31): message :         with
D:\Users\AJones45\Documents\GitHub\OOAss\Map.cpp(31): message :         [
D:\Users\AJones45\Documents\GitHub\OOAss\Map.cpp(31): message :             K=double,
D:\Users\AJones45\Documents\GitHub\OOAss\Map.cpp(31): message :             V=std::string
D:\Users\AJones45\Documents\GitHub\OOAss\Map.cpp(31): message :         ]
D:\Users\AJones45\Documents\GitHub\OOAss\OOAss.cpp(68): message :  see reference to function template instantiation 'CMap<K,V>::CMap(void)' being compiled
D:\Users\AJones45\Documents\GitHub\OOAss\OOAss.cpp(68): message :         with
D:\Users\AJones45\Documents\GitHub\OOAss\OOAss.cpp(68): message :         [
D:\Users\AJones45\Documents\GitHub\OOAss\OOAss.cpp(68): message :             K=double,
D:\Users\AJones45\Documents\GitHub\OOAss\OOAss.cpp(68): message :             V=std::string
D:\Users\AJones45\Documents\GitHub\OOAss\OOAss.cpp(68): message :         ]
D:\Users\AJones45\Documents\GitHub\OOAss\OOAss.cpp(68): message :  see reference to class template instantiation 'CMap<K,V>' being compiled
D:\Users\AJones45\Documents\GitHub\OOAss\OOAss.cpp(68): message :         with
D:\Users\AJones45\Documents\GitHub\OOAss\OOAss.cpp(68): message :         [
D:\Users\AJones45\Documents\GitHub\OOAss\OOAss.cpp(68): message :             K=double,
D:\Users\AJones45\Documents\GitHub\OOAss\OOAss.cpp(68): message :             V=std::string
D:\Users\AJones45\Documents\GitHub\OOAss\OOAss.cpp(68): message :         ]
D:\Users\AJones45\Documents\GitHub\OOAss\OOAss.cpp(36): message :  see reference to function template instantiation 'void testCase<double,std::string>(K [],V [])' being compiled
D:\Users\AJones45\Documents\GitHub\OOAss\OOAss.cpp(36): message :         with
D:\Users\AJones45\Documents\GitHub\OOAss\OOAss.cpp(36): message :         [
D:\Users\AJones45\Documents\GitHub\OOAss\OOAss.cpp(36): message :             K=double,
D:\Users\AJones45\Documents\GitHub\OOAss\OOAss.cpp(36): message :             V=std::string
D:\Users\AJones45\Documents\GitHub\OOAss\OOAss.cpp(36): message :         ]
D:\Users\AJones45\Documents\GitHub\OOAss\Map.cpp(30,1): warning C4812:  obsolete declaration style: please use 'CMap<K,V>::CMap' instead
D:\Users\AJones45\Documents\GitHub\OOAss\Map.cpp(30,1): warning C4812:         with
D:\Users\AJones45\Documents\GitHub\OOAss\Map.cpp(30,1): warning C4812:         [
D:\Users\AJones45\Documents\GitHub\OOAss\Map.cpp(30,1): warning C4812:             K=double,
D:\Users\AJones45\Documents\GitHub\OOAss\Map.cpp(30,1): warning C4812:             V=bool
D:\Users\AJones45\Documents\GitHub\OOAss\Map.cpp(30,1): warning C4812:         ]
D:\Users\AJones45\Documents\GitHub\OOAss\Map.cpp(31): message :  while compiling class template member function 'CMap<K,V>::CMap(void)'
D:\Users\AJones45\Documents\GitHub\OOAss\Map.cpp(31): message :         with
D:\Users\AJones45\Documents\GitHub\OOAss\Map.cpp(31): message :         [
D:\Users\AJones45\Documents\GitHub\OOAss\Map.cpp(31): message :             K=double,
D:\Users\AJones45\Documents\GitHub\OOAss\Map.cpp(31): message :             V=bool
D:\Users\AJones45\Documents\GitHub\OOAss\Map.cpp(31): message :         ]
D:\Users\AJones45\Documents\GitHub\OOAss\OOAss.cpp(68): message :  see reference to function template instantiation 'CMap<K,V>::CMap(void)' being compiled
D:\Users\AJones45\Documents\GitHub\OOAss\OOAss.cpp(68): message :         with
D:\Users\AJones45\Documents\GitHub\OOAss\OOAss.cpp(68): message :         [
D:\Users\AJones45\Documents\GitHub\OOAss\OOAss.cpp(68): message :             K=double,
D:\Users\AJones45\Documents\GitHub\OOAss\OOAss.cpp(68): message :             V=bool
D:\Users\AJones45\Documents\GitHub\OOAss\OOAss.cpp(68): message :         ]
D:\Users\AJones45\Documents\GitHub\OOAss\OOAss.cpp(68): message :  see reference to class template instantiation 'CMap<K,V>' being compiled
D:\Users\AJones45\Documents\GitHub\OOAss\OOAss.cpp(68): message :         with
D:\Users\AJones45\Documents\GitHub\OOAss\OOAss.cpp(68): message :         [
D:\Users\AJones45\Documents\GitHub\OOAss\OOAss.cpp(68): message :             K=double,
D:\Users\AJones45\Documents\GitHub\OOAss\OOAss.cpp(68): message :             V=bool
D:\Users\AJones45\Documents\GitHub\OOAss\OOAss.cpp(68): message :         ]
D:\Users\AJones45\Documents\GitHub\OOAss\OOAss.cpp(37): message :  see reference to function template instantiation 'void testCase<double,bool>(K [],V [])' being compiled
D:\Users\AJones45\Documents\GitHub\OOAss\OOAss.cpp(37): message :         with
D:\Users\AJones45\Documents\GitHub\OOAss\OOAss.cpp(37): message :         [
D:\Users\AJones45\Documents\GitHub\OOAss\OOAss.cpp(37): message :             K=double,
D:\Users\AJones45\Documents\GitHub\OOAss\OOAss.cpp(37): message :             V=bool
D:\Users\AJones45\Documents\GitHub\OOAss\OOAss.cpp(37): message :         ]
D:\Users\AJones45\Documents\GitHub\OOAss\Map.cpp(30,1): warning C4812:  obsolete declaration style: please use 'CMap<K,V>::CMap' instead
D:\Users\AJones45\Documents\GitHub\OOAss\Map.cpp(30,1): warning C4812:         with
D:\Users\AJones45\Documents\GitHub\OOAss\Map.cpp(30,1): warning C4812:         [
D:\Users\AJones45\Documents\GitHub\OOAss\Map.cpp(30,1): warning C4812:             K=float,
D:\Users\AJones45\Documents\GitHub\OOAss\Map.cpp(30,1): warning C4812:             V=int
D:\Users\AJones45\Documents\GitHub\OOAss\Map.cpp(30,1): warning C4812:         ]
D:\Users\AJones45\Documents\GitHub\OOAss\Map.cpp(31): message :  while compiling class template member function 'CMap<K,V>::CMap(void)'
D:\Users\AJones45\Documents\GitHub\OOAss\Map.cpp(31): message :         with
D:\Users\AJones45\Documents\GitHub\OOAss\Map.cpp(31): message :         [
D:\Users\AJones45\Documents\GitHub\OOAss\Map.cpp(31): message :             K=float,
D:\Users\AJones45\Documents\GitHub\OOAss\Map.cpp(31): message :             V=int
D:\Users\AJones45\Documents\GitHub\OOAss\Map.cpp(31): message :         ]
D:\Users\AJones45\Documents\GitHub\OOAss\OOAss.cpp(68): message :  see reference to function template instantiation 'CMap<K,V>::CMap(void)' being compiled
D:\Users\AJones45\Documents\GitHub\OOAss\OOAss.cpp(68): message :         with
D:\Users\AJones45\Documents\GitHub\OOAss\OOAss.cpp(68): message :         [
D:\Users\AJones45\Documents\GitHub\OOAss\OOAss.cpp(68): message :             K=float,
D:\Users\AJones45\Documents\GitHub\OOAss\OOAss.cpp(68): message :             V=int
D:\Users\AJones45\Documents\GitHub\OOAss\OOAss.cpp(68): message :         ]
D:\Users\AJones45\Documents\GitHub\OOAss\OOAss.cpp(68): message :  see reference to class template instantiation 'CMap<K,V>' being compiled
D:\Users\AJones45\Documents\GitHub\OOAss\OOAss.cpp(68): message :         with
D:\Users\AJones45\Documents\GitHub\OOAss\OOAss.cpp(68): message :         [
D:\Users\AJones45\Documents\GitHub\OOAss\OOAss.cpp(68): message :             K=float,
D:\Users\AJones45\Documents\GitHub\OOAss\OOAss.cpp(68): message :             V=int
D:\Users\AJones45\Documents\GitHub\OOAss\OOAss.cpp(68): message :         ]
D:\Users\AJones45\Documents\GitHub\OOAss\OOAss.cpp(39): message :  see reference to function template instantiation 'void testCase<float,int>(K [],V [])' being compiled
D:\Users\AJones45\Documents\GitHub\OOAss\OOAss.cpp(39): message :         with
D:\Users\AJones45\Documents\GitHub\OOAss\OOAss.cpp(39): message :         [
D:\Users\AJones45\Documents\GitHub\OOAss\OOAss.cpp(39): message :             K=float,
D:\Users\AJones45\Documents\GitHub\OOAss\OOAss.cpp(39): message :             V=int
D:\Users\AJones45\Documents\GitHub\OOAss\OOAss.cpp(39): message :         ]
D:\Users\AJones45\Documents\GitHub\OOAss\Map.cpp(30,1): warning C4812:  obsolete declaration style: please use 'CMap<K,V>::CMap' instead
D:\Users\AJones45\Documents\GitHub\OOAss\Map.cpp(30,1): warning C4812:         with
D:\Users\AJones45\Documents\GitHub\OOAss\Map.cpp(30,1): warning C4812:         [
D:\Users\AJones45\Documents\GitHub\OOAss\Map.cpp(30,1): warning C4812:             K=float,
D:\Users\AJones45\Documents\GitHub\OOAss\Map.cpp(30,1): warning C4812:             V=double
D:\Users\AJones45\Documents\GitHub\OOAss\Map.cpp(30,1): warning C4812:         ]
D:\Users\AJones45\Documents\GitHub\OOAss\Map.cpp(31): message :  while compiling class template member function 'CMap<K,V>::CMap(void)'
D:\Users\AJones45\Documents\GitHub\OOAss\Map.cpp(31): message :         with
D:\Users\AJones45\Documents\GitHub\OOAss\Map.cpp(31): message :         [
D:\Users\AJones45\Documents\GitHub\OOAss\Map.cpp(31): message :             K=float,
D:\Users\AJones45\Documents\GitHub\OOAss\Map.cpp(31): message :             V=double
D:\Users\AJones45\Documents\GitHub\OOAss\Map.cpp(31): message :         ]
D:\Users\AJones45\Documents\GitHub\OOAss\OOAss.cpp(68): message :  see reference to function template instantiation 'CMap<K,V>::CMap(void)' being compiled
D:\Users\AJones45\Documents\GitHub\OOAss\OOAss.cpp(68): message :         with
D:\Users\AJones45\Documents\GitHub\OOAss\OOAss.cpp(68): message :         [
D:\Users\AJones45\Documents\GitHub\OOAss\OOAss.cpp(68): message :             K=float,
D:\Users\AJones45\Documents\GitHub\OOAss\OOAss.cpp(68): message :             V=double
D:\Users\AJones45\Documents\GitHub\OOAss\OOAss.cpp(68): message :         ]
D:\Users\AJones45\Documents\GitHub\OOAss\OOAss.cpp(68): message :  see reference to class template instantiation 'CMap<K,V>' being compiled
D:\Users\AJones45\Documents\GitHub\OOAss\OOAss.cpp(68): message :         with
D:\Users\AJones45\Documents\GitHub\OOAss\OOAss.cpp(68): message :         [
D:\Users\AJones45\Documents\GitHub\OOAss\OOAss.cpp(68): message :             K=float,
D:\Users\AJones45\Documents\GitHub\OOAss\OOAss.cpp(68): message :             V=double
D:\Users\AJones45\Documents\GitHub\OOAss\OOAss.cpp(68): message :         ]
D:\Users\AJones45\Documents\GitHub\OOAss\OOAss.cpp(40): message :  see reference to function template instantiation 'void testCase<float,double>(K [],V [])' being compiled
D:\Users\AJones45\Documents\GitHub\OOAss\OOAss.cpp(40): message :         with
D:\Users\AJones45\Documents\GitHub\OOAss\OOAss.cpp(40): message :         [
D:\Users\AJones45\Documents\GitHub\OOAss\OOAss.cpp(40): message :             K=float,
D:\Users\AJones45\Documents\GitHub\OOAss\OOAss.cpp(40): message :             V=double
D:\Users\AJones45\Documents\GitHub\OOAss\OOAss.cpp(40): message :         ]
D:\Users\AJones45\Documents\GitHub\OOAss\Map.cpp(30,1): warning C4812:  obsolete declaration style: please use 'CMap<K,V>::CMap' instead
D:\Users\AJones45\Documents\GitHub\OOAss\Map.cpp(30,1): warning C4812:         with
D:\Users\AJones45\Documents\GitHub\OOAss\Map.cpp(30,1): warning C4812:         [
D:\Users\AJones45\Documents\GitHub\OOAss\Map.cpp(30,1): warning C4812:             K=float,
D:\Users\AJones45\Documents\GitHub\OOAss\Map.cpp(30,1): warning C4812:             V=float
D:\Users\AJones45\Documents\GitHub\OOAss\Map.cpp(30,1): warning C4812:         ]
D:\Users\AJones45\Documents\GitHub\OOAss\Map.cpp(31): message :  while compiling class template member function 'CMap<K,V>::CMap(void)'
D:\Users\AJones45\Documents\GitHub\OOAss\Map.cpp(31): message :         with
D:\Users\AJones45\Documents\GitHub\OOAss\Map.cpp(31): message :         [
D:\Users\AJones45\Documents\GitHub\OOAss\Map.cpp(31): message :             K=float,
D:\Users\AJones45\Documents\GitHub\OOAss\Map.cpp(31): message :             V=float
D:\Users\AJones45\Documents\GitHub\OOAss\Map.cpp(31): message :         ]
D:\Users\AJones45\Documents\GitHub\OOAss\OOAss.cpp(68): message :  see reference to function template instantiation 'CMap<K,V>::CMap(void)' being compiled
D:\Users\AJones45\Documents\GitHub\OOAss\OOAss.cpp(68): message :         with
D:\Users\AJones45\Documents\GitHub\OOAss\OOAss.cpp(68): message :         [
D:\Users\AJones45\Documents\GitHub\OOAss\OOAss.cpp(68): message :             K=float,
D:\Users\AJones45\Documents\GitHub\OOAss\OOAss.cpp(68): message :             V=float
D:\Users\AJones45\Documents\GitHub\OOAss\OOAss.cpp(68): message :         ]
D:\Users\AJones45\Documents\GitHub\OOAss\OOAss.cpp(68): message :  see reference to class template instantiation 'CMap<K,V>' being compiled
D:\Users\AJones45\Documents\GitHub\OOAss\OOAss.cpp(68): message :         with
D:\Users\AJones45\Documents\GitHub\OOAss\OOAss.cpp(68): message :         [
D:\Users\AJones45\Documents\GitHub\OOAss\OOAss.cpp(68): message :             K=float,
D:\Users\AJones45\Documents\GitHub\OOAss\OOAss.cpp(68): message :             V=float
D:\Users\AJones45\Documents\GitHub\OOAss\OOAss.cpp(68): message :         ]
D:\Users\AJones45\Documents\GitHub\OOAss\OOAss.cpp(41): message :  see reference to function template instantiation 'void testCase<float,float>(K [],V [])' being compiled
D:\Users\AJones45\Documents\GitHub\OOAss\OOAss.cpp(41): message :         with
D:\Users\AJones45\Documents\GitHub\OOAss\OOAss.cpp(41): message :         [
D:\Users\AJones45\Documents\GitHub\OOAss\OOAss.cpp(41): message :             K=float,
D:\Users\AJones45\Documents\GitHub\OOAss\OOAss.cpp(41): message :             V=float
D:\Users\AJones45\Documents\GitHub\OOAss\OOAss.cpp(41): message :         ]
D:\Users\AJones45\Documents\GitHub\OOAss\Map.cpp(30,1): warning C4812:  obsolete declaration style: please use 'CMap<K,V>::CMap' instead
D:\Users\AJones45\Documents\GitHub\OOAss\Map.cpp(30,1): warning C4812:         with
D:\Users\AJones45\Documents\GitHub\OOAss\Map.cpp(30,1): warning C4812:         [
D:\Users\AJones45\Documents\GitHub\OOAss\Map.cpp(30,1): warning C4812:             K=float,
D:\Users\AJones45\Documents\GitHub\OOAss\Map.cpp(30,1): warning C4812:             V=char
D:\Users\AJones45\Documents\GitHub\OOAss\Map.cpp(30,1): warning C4812:         ]
D:\Users\AJones45\Documents\GitHub\OOAss\Map.cpp(31): message :  while compiling class template member function 'CMap<K,V>::CMap(void)'
D:\Users\AJones45\Documents\GitHub\OOAss\Map.cpp(31): message :         with
D:\Users\AJones45\Documents\GitHub\OOAss\Map.cpp(31): message :         [
D:\Users\AJones45\Documents\GitHub\OOAss\Map.cpp(31): message :             K=float,
D:\Users\AJones45\Documents\GitHub\OOAss\Map.cpp(31): message :             V=char
D:\Users\AJones45\Documents\GitHub\OOAss\Map.cpp(31): message :         ]
D:\Users\AJones45\Documents\GitHub\OOAss\OOAss.cpp(68): message :  see reference to function template instantiation 'CMap<K,V>::CMap(void)' being compiled
D:\Users\AJones45\Documents\GitHub\OOAss\OOAss.cpp(68): message :         with
D:\Users\AJones45\Documents\GitHub\OOAss\OOAss.cpp(68): message :         [
D:\Users\AJones45\Documents\GitHub\OOAss\OOAss.cpp(68): message :             K=float,
D:\Users\AJones45\Documents\GitHub\OOAss\OOAss.cpp(68): message :             V=char
D:\Users\AJones45\Documents\GitHub\OOAss\OOAss.cpp(68): message :         ]
D:\Users\AJones45\Documents\GitHub\OOAss\OOAss.cpp(68): message :  see reference to class template instantiation 'CMap<K,V>' being compiled
D:\Users\AJones45\Documents\GitHub\OOAss\OOAss.cpp(68): message :         with
D:\Users\AJones45\Documents\GitHub\OOAss\OOAss.cpp(68): message :         [
D:\Users\AJones45\Documents\GitHub\OOAss\OOAss.cpp(68): message :             K=float,
D:\Users\AJones45\Documents\GitHub\OOAss\OOAss.cpp(68): message :             V=char
D:\Users\AJones45\Documents\GitHub\OOAss\OOAss.cpp(68): message :         ]
D:\Users\AJones45\Documents\GitHub\OOAss\OOAss.cpp(42): message :  see reference to function template instantiation 'void testCase<float,char>(K [],V [])' being compiled
D:\Users\AJones45\Documents\GitHub\OOAss\OOAss.cpp(42): message :         with
D:\Users\AJones45\Documents\GitHub\OOAss\OOAss.cpp(42): message :         [
D:\Users\AJones45\Documents\GitHub\OOAss\OOAss.cpp(42): message :             K=float,
D:\Users\AJones45\Documents\GitHub\OOAss\OOAss.cpp(42): message :             V=char
D:\Users\AJones45\Documents\GitHub\OOAss\OOAss.cpp(42): message :         ]
D:\Users\AJones45\Documents\GitHub\OOAss\Map.cpp(30,1): warning C4812:  obsolete declaration style: please use 'CMap<K,V>::CMap' instead
D:\Users\AJones45\Documents\GitHub\OOAss\Map.cpp(30,1): warning C4812:         with
D:\Users\AJones45\Documents\GitHub\OOAss\Map.cpp(30,1): warning C4812:         [
D:\Users\AJones45\Documents\GitHub\OOAss\Map.cpp(30,1): warning C4812:             K=float,
D:\Users\AJones45\Documents\GitHub\OOAss\Map.cpp(30,1): warning C4812:             V=std::string
D:\Users\AJones45\Documents\GitHub\OOAss\Map.cpp(30,1): warning C4812:         ]
D:\Users\AJones45\Documents\GitHub\OOAss\Map.cpp(31): message :  while compiling class template member function 'CMap<K,V>::CMap(void)'
D:\Users\AJones45\Documents\GitHub\OOAss\Map.cpp(31): message :         with
D:\Users\AJones45\Documents\GitHub\OOAss\Map.cpp(31): message :         [
D:\Users\AJones45\Documents\GitHub\OOAss\Map.cpp(31): message :             K=float,
D:\Users\AJones45\Documents\GitHub\OOAss\Map.cpp(31): message :             V=std::string
D:\Users\AJones45\Documents\GitHub\OOAss\Map.cpp(31): message :         ]
D:\Users\AJones45\Documents\GitHub\OOAss\OOAss.cpp(68): message :  see reference to function template instantiation 'CMap<K,V>::CMap(void)' being compiled
D:\Users\AJones45\Documents\GitHub\OOAss\OOAss.cpp(68): message :         with
D:\Users\AJones45\Documents\GitHub\OOAss\OOAss.cpp(68): message :         [
D:\Users\AJones45\Documents\GitHub\OOAss\OOAss.cpp(68): message :             K=float,
D:\Users\AJones45\Documents\GitHub\OOAss\OOAss.cpp(68): message :             V=std::string
D:\Users\AJones45\Documents\GitHub\OOAss\OOAss.cpp(68): message :         ]
D:\Users\AJones45\Documents\GitHub\OOAss\OOAss.cpp(68): message :  see reference to class template instantiation 'CMap<K,V>' being compiled
D:\Users\AJones45\Documents\GitHub\OOAss\OOAss.cpp(68): message :         with
D:\Users\AJones45\Documents\GitHub\OOAss\OOAss.cpp(68): message :         [
D:\Users\AJones45\Documents\GitHub\OOAss\OOAss.cpp(68): message :             K=float,
D:\Users\AJones45\Documents\GitHub\OOAss\OOAss.cpp(68): message :             V=std::string
D:\Users\AJones45\Documents\GitHub\OOAss\OOAss.cpp(68): message :         ]
D:\Users\AJones45\Documents\GitHub\OOAss\OOAss.cpp(43): message :  see reference to function template instantiation 'void testCase<float,std::string>(K [],V [])' being compiled
D:\Users\AJones45\Documents\GitHub\OOAss\OOAss.cpp(43): message :         with
D:\Users\AJones45\Documents\GitHub\OOAss\OOAss.cpp(43): message :         [
D:\Users\AJones45\Documents\GitHub\OOAss\OOAss.cpp(43): message :             K=float,
D:\Users\AJones45\Documents\GitHub\OOAss\OOAss.cpp(43): message :             V=std::string
D:\Users\AJones45\Documents\GitHub\OOAss\OOAss.cpp(43): message :         ]
D:\Users\AJones45\Documents\GitHub\OOAss\Map.cpp(30,1): warning C4812:  obsolete declaration style: please use 'CMap<K,V>::CMap' instead
D:\Users\AJones45\Documents\GitHub\OOAss\Map.cpp(30,1): warning C4812:         with
D:\Users\AJones45\Documents\GitHub\OOAss\Map.cpp(30,1): warning C4812:         [
D:\Users\AJones45\Documents\GitHub\OOAss\Map.cpp(30,1): warning C4812:             K=float,
D:\Users\AJones45\Documents\GitHub\OOAss\Map.cpp(30,1): warning C4812:             V=bool
D:\Users\AJones45\Documents\GitHub\OOAss\Map.cpp(30,1): warning C4812:         ]
D:\Users\AJones45\Documents\GitHub\OOAss\Map.cpp(31): message :  while compiling class template member function 'CMap<K,V>::CMap(void)'
D:\Users\AJones45\Documents\GitHub\OOAss\Map.cpp(31): message :         with
D:\Users\AJones45\Documents\GitHub\OOAss\Map.cpp(31): message :         [
D:\Users\AJones45\Documents\GitHub\OOAss\Map.cpp(31): message :             K=float,
D:\Users\AJones45\Documents\GitHub\OOAss\Map.cpp(31): message :             V=bool
D:\Users\AJones45\Documents\GitHub\OOAss\Map.cpp(31): message :         ]
D:\Users\AJones45\Documents\GitHub\OOAss\OOAss.cpp(68): message :  see reference to function template instantiation 'CMap<K,V>::CMap(void)' being compiled
D:\Users\AJones45\Documents\GitHub\OOAss\OOAss.cpp(68): message :         with
D:\Users\AJones45\Documents\GitHub\OOAss\OOAss.cpp(68): message :         [
D:\Users\AJones45\Documents\GitHub\OOAss\OOAss.cpp(68): message :             K=float,
D:\Users\AJones45\Documents\GitHub\OOAss\OOAss.cpp(68): message :             V=bool
D:\Users\AJones45\Documents\GitHub\OOAss\OOAss.cpp(68): message :         ]
D:\Users\AJones45\Documents\GitHub\OOAss\OOAss.cpp(68): message :  see reference to class template instantiation 'CMap<K,V>' being compiled
D:\Users\AJones45\Documents\GitHub\OOAss\OOAss.cpp(68): message :         with
D:\Users\AJones45\Documents\GitHub\OOAss\OOAss.cpp(68): message :         [
D:\Users\AJones45\Documents\GitHub\OOAss\OOAss.cpp(68): message :             K=float,
D:\Users\AJones45\Documents\GitHub\OOAss\OOAss.cpp(68): message :             V=bool
D:\Users\AJones45\Documents\GitHub\OOAss\OOAss.cpp(68): message :         ]
D:\Users\AJones45\Documents\GitHub\OOAss\OOAss.cpp(44): message :  see reference to function template instantiation 'void testCase<float,bool>(K [],V [])' being compiled
D:\Users\AJones45\Documents\GitHub\OOAss\OOAss.cpp(44): message :         with
D:\Users\AJones45\Documents\GitHub\OOAss\OOAss.cpp(44): message :         [
D:\Users\AJones45\Documents\GitHub\OOAss\OOAss.cpp(44): message :             K=float,
D:\Users\AJones45\Documents\GitHub\OOAss\OOAss.cpp(44): message :             V=bool
D:\Users\AJones45\Documents\GitHub\OOAss\OOAss.cpp(44): message :         ]
D:\Users\AJones45\Documents\GitHub\OOAss\Map.cpp(30,1): warning C4812:  obsolete declaration style: please use 'CMap<K,V>::CMap' instead
D:\Users\AJones45\Documents\GitHub\OOAss\Map.cpp(30,1): warning C4812:         with
D:\Users\AJones45\Documents\GitHub\OOAss\Map.cpp(30,1): warning C4812:         [
D:\Users\AJones45\Documents\GitHub\OOAss\Map.cpp(30,1): warning C4812:             K=char,
D:\Users\AJones45\Documents\GitHub\OOAss\Map.cpp(30,1): warning C4812:             V=int
D:\Users\AJones45\Documents\GitHub\OOAss\Map.cpp(30,1): warning C4812:         ]
D:\Users\AJones45\Documents\GitHub\OOAss\Map.cpp(31): message :  while compiling class template member function 'CMap<K,V>::CMap(void)'
D:\Users\AJones45\Documents\GitHub\OOAss\Map.cpp(31): message :         with
D:\Users\AJones45\Documents\GitHub\OOAss\Map.cpp(31): message :         [
D:\Users\AJones45\Documents\GitHub\OOAss\Map.cpp(31): message :             K=char,
D:\Users\AJones45\Documents\GitHub\OOAss\Map.cpp(31): message :             V=int
D:\Users\AJones45\Documents\GitHub\OOAss\Map.cpp(31): message :         ]
D:\Users\AJones45\Documents\GitHub\OOAss\OOAss.cpp(68): message :  see reference to function template instantiation 'CMap<K,V>::CMap(void)' being compiled
D:\Users\AJones45\Documents\GitHub\OOAss\OOAss.cpp(68): message :         with
D:\Users\AJones45\Documents\GitHub\OOAss\OOAss.cpp(68): message :         [
D:\Users\AJones45\Documents\GitHub\OOAss\OOAss.cpp(68): message :             K=char,
D:\Users\AJones45\Documents\GitHub\OOAss\OOAss.cpp(68): message :             V=int
D:\Users\AJones45\Documents\GitHub\OOAss\OOAss.cpp(68): message :         ]
D:\Users\AJones45\Documents\GitHub\OOAss\OOAss.cpp(68): message :  see reference to class template instantiation 'CMap<K,V>' being compiled
D:\Users\AJones45\Documents\GitHub\OOAss\OOAss.cpp(68): message :         with
D:\Users\AJones45\Documents\GitHub\OOAss\OOAss.cpp(68): message :         [
D:\Users\AJones45\Documents\GitHub\OOAss\OOAss.cpp(68): message :             K=char,
D:\Users\AJones45\Documents\GitHub\OOAss\OOAss.cpp(68): message :             V=int
D:\Users\AJones45\Documents\GitHub\OOAss\OOAss.cpp(68): message :         ]
D:\Users\AJones45\Documents\GitHub\OOAss\OOAss.cpp(46): message :  see reference to function template instantiation 'void testCase<char,int>(K [],V [])' being compiled
D:\Users\AJones45\Documents\GitHub\OOAss\OOAss.cpp(46): message :         with
D:\Users\AJones45\Documents\GitHub\OOAss\OOAss.cpp(46): message :         [
D:\Users\AJones45\Documents\GitHub\OOAss\OOAss.cpp(46): message :             K=char,
D:\Users\AJones45\Documents\GitHub\OOAss\OOAss.cpp(46): message :             V=int
D:\Users\AJones45\Documents\GitHub\OOAss\OOAss.cpp(46): message :         ]
D:\Users\AJones45\Documents\GitHub\OOAss\Map.cpp(30,1): warning C4812:  obsolete declaration style: please use 'CMap<K,V>::CMap' instead
D:\Users\AJones45\Documents\GitHub\OOAss\Map.cpp(30,1): warning C4812:         with
D:\Users\AJones45\Documents\GitHub\OOAss\Map.cpp(30,1): warning C4812:         [
D:\Users\AJones45\Documents\GitHub\OOAss\Map.cpp(30,1): warning C4812:             K=char,
D:\Users\AJones45\Documents\GitHub\OOAss\Map.cpp(30,1): warning C4812:             V=double
D:\Users\AJones45\Documents\GitHub\OOAss\Map.cpp(30,1): warning C4812:         ]
D:\Users\AJones45\Documents\GitHub\OOAss\Map.cpp(31): message :  while compiling class template member function 'CMap<K,V>::CMap(void)'
D:\Users\AJones45\Documents\GitHub\OOAss\Map.cpp(31): message :         with
D:\Users\AJones45\Documents\GitHub\OOAss\Map.cpp(31): message :         [
D:\Users\AJones45\Documents\GitHub\OOAss\Map.cpp(31): message :             K=char,
D:\Users\AJones45\Documents\GitHub\OOAss\Map.cpp(31): message :             V=double
D:\Users\AJones45\Documents\GitHub\OOAss\Map.cpp(31): message :         ]
D:\Users\AJones45\Documents\GitHub\OOAss\OOAss.cpp(68): message :  see reference to function template instantiation 'CMap<K,V>::CMap(void)' being compiled
D:\Users\AJones45\Documents\GitHub\OOAss\OOAss.cpp(68): message :         with
D:\Users\AJones45\Documents\GitHub\OOAss\OOAss.cpp(68): message :         [
D:\Users\AJones45\Documents\GitHub\OOAss\OOAss.cpp(68): message :             K=char,
D:\Users\AJones45\Documents\GitHub\OOAss\OOAss.cpp(68): message :             V=double
D:\Users\AJones45\Documents\GitHub\OOAss\OOAss.cpp(68): message :         ]
D:\Users\AJones45\Documents\GitHub\OOAss\OOAss.cpp(68): message :  see reference to class template instantiation 'CMap<K,V>' being compiled
D:\Users\AJones45\Documents\GitHub\OOAss\OOAss.cpp(68): message :         with
D:\Users\AJones45\Documents\GitHub\OOAss\OOAss.cpp(68): message :         [
D:\Users\AJones45\Documents\GitHub\OOAss\OOAss.cpp(68): message :             K=char,
D:\Users\AJones45\Documents\GitHub\OOAss\OOAss.cpp(68): message :             V=double
D:\Users\AJones45\Documents\GitHub\OOAss\OOAss.cpp(68): message :         ]
D:\Users\AJones45\Documents\GitHub\OOAss\OOAss.cpp(47): message :  see reference to function template instantiation 'void testCase<char,double>(K [],V [])' being compiled
D:\Users\AJones45\Documents\GitHub\OOAss\OOAss.cpp(47): message :         with
D:\Users\AJones45\Documents\GitHub\OOAss\OOAss.cpp(47): message :         [
D:\Users\AJones45\Documents\GitHub\OOAss\OOAss.cpp(47): message :             K=char,
D:\Users\AJones45\Documents\GitHub\OOAss\OOAss.cpp(47): message :             V=double
D:\Users\AJones45\Documents\GitHub\OOAss\OOAss.cpp(47): message :         ]
D:\Users\AJones45\Documents\GitHub\OOAss\Map.cpp(30,1): warning C4812:  obsolete declaration style: please use 'CMap<K,V>::CMap' instead
D:\Users\AJones45\Documents\GitHub\OOAss\Map.cpp(30,1): warning C4812:         with
D:\Users\AJones45\Documents\GitHub\OOAss\Map.cpp(30,1): warning C4812:         [
D:\Users\AJones45\Documents\GitHub\OOAss\Map.cpp(30,1): warning C4812:             K=char,
D:\Users\AJones45\Documents\GitHub\OOAss\Map.cpp(30,1): warning C4812:             V=float
D:\Users\AJones45\Documents\GitHub\OOAss\Map.cpp(30,1): warning C4812:         ]
D:\Users\AJones45\Documents\GitHub\OOAss\Map.cpp(31): message :  while compiling class template member function 'CMap<K,V>::CMap(void)'
D:\Users\AJones45\Documents\GitHub\OOAss\Map.cpp(31): message :         with
D:\Users\AJones45\Documents\GitHub\OOAss\Map.cpp(31): message :         [
D:\Users\AJones45\Documents\GitHub\OOAss\Map.cpp(31): message :             K=char,
D:\Users\AJones45\Documents\GitHub\OOAss\Map.cpp(31): message :             V=float
D:\Users\AJones45\Documents\GitHub\OOAss\Map.cpp(31): message :         ]
D:\Users\AJones45\Documents\GitHub\OOAss\OOAss.cpp(68): message :  see reference to function template instantiation 'CMap<K,V>::CMap(void)' being compiled
D:\Users\AJones45\Documents\GitHub\OOAss\OOAss.cpp(68): message :         with
D:\Users\AJones45\Documents\GitHub\OOAss\OOAss.cpp(68): message :         [
D:\Users\AJones45\Documents\GitHub\OOAss\OOAss.cpp(68): message :             K=char,
D:\Users\AJones45\Documents\GitHub\OOAss\OOAss.cpp(68): message :             V=float
D:\Users\AJones45\Documents\GitHub\OOAss\OOAss.cpp(68): message :         ]
D:\Users\AJones45\Documents\GitHub\OOAss\OOAss.cpp(68): message :  see reference to class template instantiation 'CMap<K,V>' being compiled
D:\Users\AJones45\Documents\GitHub\OOAss\OOAss.cpp(68): message :         with
D:\Users\AJones45\Documents\GitHub\OOAss\OOAss.cpp(68): message :         [
D:\Users\AJones45\Documents\GitHub\OOAss\OOAss.cpp(68): message :             K=char,
D:\Users\AJones45\Documents\GitHub\OOAss\OOAss.cpp(68): message :             V=float
D:\Users\AJones45\Documents\GitHub\OOAss\OOAss.cpp(68): message :         ]
D:\Users\AJones45\Documents\GitHub\OOAss\OOAss.cpp(48): message :  see reference to function template instantiation 'void testCase<char,float>(K [],V [])' being compiled
D:\Users\AJones45\Documents\GitHub\OOAss\OOAss.cpp(48): message :         with
D:\Users\AJones45\Documents\GitHub\OOAss\OOAss.cpp(48): message :         [
D:\Users\AJones45\Documents\GitHub\OOAss\OOAss.cpp(48): message :             K=char,
D:\Users\AJones45\Documents\GitHub\OOAss\OOAss.cpp(48): message :             V=float
D:\Users\AJones45\Documents\GitHub\OOAss\OOAss.cpp(48): message :         ]
D:\Users\AJones45\Documents\GitHub\OOAss\Map.cpp(30,1): warning C4812:  obsolete declaration style: please use 'CMap<K,V>::CMap' instead
D:\Users\AJones45\Documents\GitHub\OOAss\Map.cpp(30,1): warning C4812:         with
D:\Users\AJones45\Documents\GitHub\OOAss\Map.cpp(30,1): warning C4812:         [
D:\Users\AJones45\Documents\GitHub\OOAss\Map.cpp(30,1): warning C4812:             K=char,
D:\Users\AJones45\Documents\GitHub\OOAss\Map.cpp(30,1): warning C4812:             V=char
D:\Users\AJones45\Documents\GitHub\OOAss\Map.cpp(30,1): warning C4812:         ]
D:\Users\AJones45\Documents\GitHub\OOAss\Map.cpp(31): message :  while compiling class template member function 'CMap<K,V>::CMap(void)'
D:\Users\AJones45\Documents\GitHub\OOAss\Map.cpp(31): message :         with
D:\Users\AJones45\Documents\GitHub\OOAss\Map.cpp(31): message :         [
D:\Users\AJones45\Documents\GitHub\OOAss\Map.cpp(31): message :             K=char,
D:\Users\AJones45\Documents\GitHub\OOAss\Map.cpp(31): message :             V=char
D:\Users\AJones45\Documents\GitHub\OOAss\Map.cpp(31): message :         ]
D:\Users\AJones45\Documents\GitHub\OOAss\OOAss.cpp(68): message :  see reference to function template instantiation 'CMap<K,V>::CMap(void)' being compiled
D:\Users\AJones45\Documents\GitHub\OOAss\OOAss.cpp(68): message :         with
D:\Users\AJones45\Documents\GitHub\OOAss\OOAss.cpp(68): message :         [
D:\Users\AJones45\Documents\GitHub\OOAss\OOAss.cpp(68): message :             K=char,
D:\Users\AJones45\Documents\GitHub\OOAss\OOAss.cpp(68): message :             V=char
D:\Users\AJones45\Documents\GitHub\OOAss\OOAss.cpp(68): message :         ]
D:\Users\AJones45\Documents\GitHub\OOAss\OOAss.cpp(68): message :  see reference to class template instantiation 'CMap<K,V>' being compiled
D:\Users\AJones45\Documents\GitHub\OOAss\OOAss.cpp(68): message :         with
D:\Users\AJones45\Documents\GitHub\OOAss\OOAss.cpp(68): message :         [
D:\Users\AJones45\Documents\GitHub\OOAss\OOAss.cpp(68): message :             K=char,
D:\Users\AJones45\Documents\GitHub\OOAss\OOAss.cpp(68): message :             V=char
D:\Users\AJones45\Documents\GitHub\OOAss\OOAss.cpp(68): message :         ]
D:\Users\AJones45\Documents\GitHub\OOAss\OOAss.cpp(49): message :  see reference to function template instantiation 'void testCase<char,char>(K [],V [])' being compiled
D:\Users\AJones45\Documents\GitHub\OOAss\OOAss.cpp(49): message :         with
D:\Users\AJones45\Documents\GitHub\OOAss\OOAss.cpp(49): message :         [
D:\Users\AJones45\Documents\GitHub\OOAss\OOAss.cpp(49): message :             K=char,
D:\Users\AJones45\Documents\GitHub\OOAss\OOAss.cpp(49): message :             V=char
D:\Users\AJones45\Documents\GitHub\OOAss\OOAss.cpp(49): message :         ]
D:\Users\AJones45\Documents\GitHub\OOAss\Map.cpp(30,1): warning C4812:  obsolete declaration style: please use 'CMap<K,V>::CMap' instead
D:\Users\AJones45\Documents\GitHub\OOAss\Map.cpp(30,1): warning C4812:         with
D:\Users\AJones45\Documents\GitHub\OOAss\Map.cpp(30,1): warning C4812:         [
D:\Users\AJones45\Documents\GitHub\OOAss\Map.cpp(30,1): warning C4812:             K=char,
D:\Users\AJones45\Documents\GitHub\OOAss\Map.cpp(30,1): warning C4812:             V=std::string
D:\Users\AJones45\Documents\GitHub\OOAss\Map.cpp(30,1): warning C4812:         ]
D:\Users\AJones45\Documents\GitHub\OOAss\Map.cpp(31): message :  while compiling class template member function 'CMap<K,V>::CMap(void)'
D:\Users\AJones45\Documents\GitHub\OOAss\Map.cpp(31): message :         with
D:\Users\AJones45\Documents\GitHub\OOAss\Map.cpp(31): message :         [
D:\Users\AJones45\Documents\GitHub\OOAss\Map.cpp(31): message :             K=char,
D:\Users\AJones45\Documents\GitHub\OOAss\Map.cpp(31): message :             V=std::string
D:\Users\AJones45\Documents\GitHub\OOAss\Map.cpp(31): message :         ]
D:\Users\AJones45\Documents\GitHub\OOAss\OOAss.cpp(68): message :  see reference to function template instantiation 'CMap<K,V>::CMap(void)' being compiled
D:\Users\AJones45\Documents\GitHub\OOAss\OOAss.cpp(68): message :         with
D:\Users\AJones45\Documents\GitHub\OOAss\OOAss.cpp(68): message :         [
D:\Users\AJones45\Documents\GitHub\OOAss\OOAss.cpp(68): message :             K=char,
D:\Users\AJones45\Documents\GitHub\OOAss\OOAss.cpp(68): message :             V=std::string
D:\Users\AJones45\Documents\GitHub\OOAss\OOAss.cpp(68): message :         ]
D:\Users\AJones45\Documents\GitHub\OOAss\OOAss.cpp(68): message :  see reference to class template instantiation 'CMap<K,V>' being compiled
D:\Users\AJones45\Documents\GitHub\OOAss\OOAss.cpp(68): message :         with
D:\Users\AJones45\Documents\GitHub\OOAss\OOAss.cpp(68): message :         [
D:\Users\AJones45\Documents\GitHub\OOAss\OOAss.cpp(68): message :             K=char,
D:\Users\AJones45\Documents\GitHub\OOAss\OOAss.cpp(68): message :             V=std::string
D:\Users\AJones45\Documents\GitHub\OOAss\OOAss.cpp(68): message :         ]
D:\Users\AJones45\Documents\GitHub\OOAss\OOAss.cpp(50): message :  see reference to function template instantiation 'void testCase<char,std::string>(K [],V [])' being compiled
D:\Users\AJones45\Documents\GitHub\OOAss\OOAss.cpp(50): message :         with
D:\Users\AJones45\Documents\GitHub\OOAss\OOAss.cpp(50): message :         [
D:\Users\AJones45\Documents\GitHub\OOAss\OOAss.cpp(50): message :             K=char,
D:\Users\AJones45\Documents\GitHub\OOAss\OOAss.cpp(50): message :             V=std::string
D:\Users\AJones45\Documents\GitHub\OOAss\OOAss.cpp(50): message :         ]
D:\Users\AJones45\Documents\GitHub\OOAss\Map.cpp(30,1): warning C4812:  obsolete declaration style: please use 'CMap<K,V>::CMap' instead
D:\Users\AJones45\Documents\GitHub\OOAss\Map.cpp(30,1): warning C4812:         with
D:\Users\AJones45\Documents\GitHub\OOAss\Map.cpp(30,1): warning C4812:         [
D:\Users\AJones45\Documents\GitHub\OOAss\Map.cpp(30,1): warning C4812:             K=char,
D:\Users\AJones45\Documents\GitHub\OOAss\Map.cpp(30,1): warning C4812:             V=bool
D:\Users\AJones45\Documents\GitHub\OOAss\Map.cpp(30,1): warning C4812:         ]
D:\Users\AJones45\Documents\GitHub\OOAss\Map.cpp(31): message :  while compiling class template member function 'CMap<K,V>::CMap(void)'
D:\Users\AJones45\Documents\GitHub\OOAss\Map.cpp(31): message :         with
D:\Users\AJones45\Documents\GitHub\OOAss\Map.cpp(31): message :         [
D:\Users\AJones45\Documents\GitHub\OOAss\Map.cpp(31): message :             K=char,
D:\Users\AJones45\Documents\GitHub\OOAss\Map.cpp(31): message :             V=bool
D:\Users\AJones45\Documents\GitHub\OOAss\Map.cpp(31): message :         ]
D:\Users\AJones45\Documents\GitHub\OOAss\OOAss.cpp(68): message :  see reference to function template instantiation 'CMap<K,V>::CMap(void)' being compiled
D:\Users\AJones45\Documents\GitHub\OOAss\OOAss.cpp(68): message :         with
D:\Users\AJones45\Documents\GitHub\OOAss\OOAss.cpp(68): message :         [
D:\Users\AJones45\Documents\GitHub\OOAss\OOAss.cpp(68): message :             K=char,
D:\Users\AJones45\Documents\GitHub\OOAss\OOAss.cpp(68): message :             V=bool
D:\Users\AJones45\Documents\GitHub\OOAss\OOAss.cpp(68): message :         ]
D:\Users\AJones45\Documents\GitHub\OOAss\OOAss.cpp(68): message :  see reference to class template instantiation 'CMap<K,V>' being compiled
D:\Users\AJones45\Documents\GitHub\OOAss\OOAss.cpp(68): message :         with
D:\Users\AJones45\Documents\GitHub\OOAss\OOAss.cpp(68): message :         [
D:\Users\AJones45\Documents\GitHub\OOAss\OOAss.cpp(68): message :             K=char,
D:\Users\AJones45\Documents\GitHub\OOAss\OOAss.cpp(68): message :             V=bool
D:\Users\AJones45\Documents\GitHub\OOAss\OOAss.cpp(68): message :         ]
D:\Users\AJones45\Documents\GitHub\OOAss\OOAss.cpp(51): message :  see reference to function template instantiation 'void testCase<char,bool>(K [],V [])' being compiled
D:\Users\AJones45\Documents\GitHub\OOAss\OOAss.cpp(51): message :         with
D:\Users\AJones45\Documents\GitHub\OOAss\OOAss.cpp(51): message :         [
D:\Users\AJones45\Documents\GitHub\OOAss\OOAss.cpp(51): message :             K=char,
D:\Users\AJones45\Documents\GitHub\OOAss\OOAss.cpp(51): message :             V=bool
D:\Users\AJones45\Documents\GitHub\OOAss\OOAss.cpp(51): message :         ]
D:\Users\AJones45\Documents\GitHub\OOAss\Map.cpp(30,1): warning C4812:  obsolete declaration style: please use 'CMap<K,V>::CMap' instead
D:\Users\AJones45\Documents\GitHub\OOAss\Map.cpp(30,1): warning C4812:         with
D:\Users\AJones45\Documents\GitHub\OOAss\Map.cpp(30,1): warning C4812:         [
D:\Users\AJones45\Documents\GitHub\OOAss\Map.cpp(30,1): warning C4812:             K=std::string,
D:\Users\AJones45\Documents\GitHub\OOAss\Map.cpp(30,1): warning C4812:             V=int
D:\Users\AJones45\Documents\GitHub\OOAss\Map.cpp(30,1): warning C4812:         ]
D:\Users\AJones45\Documents\GitHub\OOAss\Map.cpp(31): message :  while compiling class template member function 'CMap<K,V>::CMap(void)'
D:\Users\AJones45\Documents\GitHub\OOAss\Map.cpp(31): message :         with
D:\Users\AJones45\Documents\GitHub\OOAss\Map.cpp(31): message :         [
D:\Users\AJones45\Documents\GitHub\OOAss\Map.cpp(31): message :             K=std::string,
D:\Users\AJones45\Documents\GitHub\OOAss\Map.cpp(31): message :             V=int
D:\Users\AJones45\Documents\GitHub\OOAss\Map.cpp(31): message :         ]
D:\Users\AJones45\Documents\GitHub\OOAss\OOAss.cpp(68): message :  see reference to function template instantiation 'CMap<K,V>::CMap(void)' being compiled
D:\Users\AJones45\Documents\GitHub\OOAss\OOAss.cpp(68): message :         with
D:\Users\AJones45\Documents\GitHub\OOAss\OOAss.cpp(68): message :         [
D:\Users\AJones45\Documents\GitHub\OOAss\OOAss.cpp(68): message :             K=std::string,
D:\Users\AJones45\Documents\GitHub\OOAss\OOAss.cpp(68): message :             V=int
D:\Users\AJones45\Documents\GitHub\OOAss\OOAss.cpp(68): message :         ]
D:\Users\AJones45\Documents\GitHub\OOAss\OOAss.cpp(68): message :  see reference to class template instantiation 'CMap<K,V>' being compiled
D:\Users\AJones45\Documents\GitHub\OOAss\OOAss.cpp(68): message :         with
D:\Users\AJones45\Documents\GitHub\OOAss\OOAss.cpp(68): message :         [
D:\Users\AJones45\Documents\GitHub\OOAss\OOAss.cpp(68): message :             K=std::string,
D:\Users\AJones45\Documents\GitHub\OOAss\OOAss.cpp(68): message :             V=int
D:\Users\AJones45\Documents\GitHub\OOAss\OOAss.cpp(68): message :         ]
D:\Users\AJones45\Documents\GitHub\OOAss\OOAss.cpp(53): message :  see reference to function template instantiation 'void testCase<std::string,int>(K [],V [])' being compiled
D:\Users\AJones45\Documents\GitHub\OOAss\OOAss.cpp(53): message :         with
D:\Users\AJones45\Documents\GitHub\OOAss\OOAss.cpp(53): message :         [
D:\Users\AJones45\Documents\GitHub\OOAss\OOAss.cpp(53): message :             K=std::string,
D:\Users\AJones45\Documents\GitHub\OOAss\OOAss.cpp(53): message :             V=int
D:\Users\AJones45\Documents\GitHub\OOAss\OOAss.cpp(53): message :         ]
D:\Users\AJones45\Documents\GitHub\OOAss\Map.cpp(30,1): warning C4812:  obsolete declaration style: please use 'CMap<K,V>::CMap' instead
D:\Users\AJones45\Documents\GitHub\OOAss\Map.cpp(30,1): warning C4812:         with
D:\Users\AJones45\Documents\GitHub\OOAss\Map.cpp(30,1): warning C4812:         [
D:\Users\AJones45\Documents\GitHub\OOAss\Map.cpp(30,1): warning C4812:             K=std::string,
D:\Users\AJones45\Documents\GitHub\OOAss\Map.cpp(30,1): warning C4812:             V=double
D:\Users\AJones45\Documents\GitHub\OOAss\Map.cpp(30,1): warning C4812:         ]
D:\Users\AJones45\Documents\GitHub\OOAss\Map.cpp(31): message :  while compiling class template member function 'CMap<K,V>::CMap(void)'
D:\Users\AJones45\Documents\GitHub\OOAss\Map.cpp(31): message :         with
D:\Users\AJones45\Documents\GitHub\OOAss\Map.cpp(31): message :         [
D:\Users\AJones45\Documents\GitHub\OOAss\Map.cpp(31): message :             K=std::string,
D:\Users\AJones45\Documents\GitHub\OOAss\Map.cpp(31): message :             V=double
D:\Users\AJones45\Documents\GitHub\OOAss\Map.cpp(31): message :         ]
D:\Users\AJones45\Documents\GitHub\OOAss\OOAss.cpp(68): message :  see reference to function template instantiation 'CMap<K,V>::CMap(void)' being compiled
D:\Users\AJones45\Documents\GitHub\OOAss\OOAss.cpp(68): message :         with
D:\Users\AJones45\Documents\GitHub\OOAss\OOAss.cpp(68): message :         [
D:\Users\AJones45\Documents\GitHub\OOAss\OOAss.cpp(68): message :             K=std::string,
D:\Users\AJones45\Documents\GitHub\OOAss\OOAss.cpp(68): message :             V=double
D:\Users\AJones45\Documents\GitHub\OOAss\OOAss.cpp(68): message :         ]
D:\Users\AJones45\Documents\GitHub\OOAss\OOAss.cpp(68): message :  see reference to class template instantiation 'CMap<K,V>' being compiled
D:\Users\AJones45\Documents\GitHub\OOAss\OOAss.cpp(68): message :         with
D:\Users\AJones45\Documents\GitHub\OOAss\OOAss.cpp(68): message :         [
D:\Users\AJones45\Documents\GitHub\OOAss\OOAss.cpp(68): message :             K=std::string,
D:\Users\AJones45\Documents\GitHub\OOAss\OOAss.cpp(68): message :             V=double
D:\Users\AJones45\Documents\GitHub\OOAss\OOAss.cpp(68): message :         ]
D:\Users\AJones45\Documents\GitHub\OOAss\OOAss.cpp(54): message :  see reference to function template instantiation 'void testCase<std::string,double>(K [],V [])' being compiled
D:\Users\AJones45\Documents\GitHub\OOAss\OOAss.cpp(54): message :         with
D:\Users\AJones45\Documents\GitHub\OOAss\OOAss.cpp(54): message :         [
D:\Users\AJones45\Documents\GitHub\OOAss\OOAss.cpp(54): message :             K=std::string,
D:\Users\AJones45\Documents\GitHub\OOAss\OOAss.cpp(54): message :             V=double
D:\Users\AJones45\Documents\GitHub\OOAss\OOAss.cpp(54): message :         ]
D:\Users\AJones45\Documents\GitHub\OOAss\Map.cpp(30,1): warning C4812:  obsolete declaration style: please use 'CMap<K,V>::CMap' instead
D:\Users\AJones45\Documents\GitHub\OOAss\Map.cpp(30,1): warning C4812:         with
D:\Users\AJones45\Documents\GitHub\OOAss\Map.cpp(30,1): warning C4812:         [
D:\Users\AJones45\Documents\GitHub\OOAss\Map.cpp(30,1): warning C4812:             K=std::string,
D:\Users\AJones45\Documents\GitHub\OOAss\Map.cpp(30,1): warning C4812:             V=float
D:\Users\AJones45\Documents\GitHub\OOAss\Map.cpp(30,1): warning C4812:         ]
D:\Users\AJones45\Documents\GitHub\OOAss\Map.cpp(31): message :  while compiling class template member function 'CMap<K,V>::CMap(void)'
D:\Users\AJones45\Documents\GitHub\OOAss\Map.cpp(31): message :         with
D:\Users\AJones45\Documents\GitHub\OOAss\Map.cpp(31): message :         [
D:\Users\AJones45\Documents\GitHub\OOAss\Map.cpp(31): message :             K=std::string,
D:\Users\AJones45\Documents\GitHub\OOAss\Map.cpp(31): message :             V=float
D:\Users\AJones45\Documents\GitHub\OOAss\Map.cpp(31): message :         ]
D:\Users\AJones45\Documents\GitHub\OOAss\OOAss.cpp(68): message :  see reference to function template instantiation 'CMap<K,V>::CMap(void)' being compiled
D:\Users\AJones45\Documents\GitHub\OOAss\OOAss.cpp(68): message :         with
D:\Users\AJones45\Documents\GitHub\OOAss\OOAss.cpp(68): message :         [
D:\Users\AJones45\Documents\GitHub\OOAss\OOAss.cpp(68): message :             K=std::string,
D:\Users\AJones45\Documents\GitHub\OOAss\OOAss.cpp(68): message :             V=float
D:\Users\AJones45\Documents\GitHub\OOAss\OOAss.cpp(68): message :         ]
D:\Users\AJones45\Documents\GitHub\OOAss\OOAss.cpp(68): message :  see reference to class template instantiation 'CMap<K,V>' being compiled
D:\Users\AJones45\Documents\GitHub\OOAss\OOAss.cpp(68): message :         with
D:\Users\AJones45\Documents\GitHub\OOAss\OOAss.cpp(68): message :         [
D:\Users\AJones45\Documents\GitHub\OOAss\OOAss.cpp(68): message :             K=std::string,
D:\Users\AJones45\Documents\GitHub\OOAss\OOAss.cpp(68): message :             V=float
D:\Users\AJones45\Documents\GitHub\OOAss\OOAss.cpp(68): message :         ]
D:\Users\AJones45\Documents\GitHub\OOAss\OOAss.cpp(55): message :  see reference to function template instantiation 'void testCase<std::string,float>(K [],V [])' being compiled
D:\Users\AJones45\Documents\GitHub\OOAss\OOAss.cpp(55): message :         with
D:\Users\AJones45\Documents\GitHub\OOAss\OOAss.cpp(55): message :         [
D:\Users\AJones45\Documents\GitHub\OOAss\OOAss.cpp(55): message :             K=std::string,
D:\Users\AJones45\Documents\GitHub\OOAss\OOAss.cpp(55): message :             V=float
D:\Users\AJones45\Documents\GitHub\OOAss\OOAss.cpp(55): message :         ]
D:\Users\AJones45\Documents\GitHub\OOAss\Map.cpp(30,1): warning C4812:  obsolete declaration style: please use 'CMap<K,V>::CMap' instead
D:\Users\AJones45\Documents\GitHub\OOAss\Map.cpp(30,1): warning C4812:         with
D:\Users\AJones45\Documents\GitHub\OOAss\Map.cpp(30,1): warning C4812:         [
D:\Users\AJones45\Documents\GitHub\OOAss\Map.cpp(30,1): warning C4812:             K=std::string,
D:\Users\AJones45\Documents\GitHub\OOAss\Map.cpp(30,1): warning C4812:             V=char
D:\Users\AJones45\Documents\GitHub\OOAss\Map.cpp(30,1): warning C4812:         ]
D:\Users\AJones45\Documents\GitHub\OOAss\Map.cpp(31): message :  while compiling class template member function 'CMap<K,V>::CMap(void)'
D:\Users\AJones45\Documents\GitHub\OOAss\Map.cpp(31): message :         with
D:\Users\AJones45\Documents\GitHub\OOAss\Map.cpp(31): message :         [
D:\Users\AJones45\Documents\GitHub\OOAss\Map.cpp(31): message :             K=std::string,
D:\Users\AJones45\Documents\GitHub\OOAss\Map.cpp(31): message :             V=char
D:\Users\AJones45\Documents\GitHub\OOAss\Map.cpp(31): message :         ]
D:\Users\AJones45\Documents\GitHub\OOAss\OOAss.cpp(68): message :  see reference to function template instantiation 'CMap<K,V>::CMap(void)' being compiled
D:\Users\AJones45\Documents\GitHub\OOAss\OOAss.cpp(68): message :         with
D:\Users\AJones45\Documents\GitHub\OOAss\OOAss.cpp(68): message :         [
D:\Users\AJones45\Documents\GitHub\OOAss\OOAss.cpp(68): message :             K=std::string,
D:\Users\AJones45\Documents\GitHub\OOAss\OOAss.cpp(68): message :             V=char
D:\Users\AJones45\Documents\GitHub\OOAss\OOAss.cpp(68): message :         ]
D:\Users\AJones45\Documents\GitHub\OOAss\OOAss.cpp(68): message :  see reference to class template instantiation 'CMap<K,V>' being compiled
D:\Users\AJones45\Documents\GitHub\OOAss\OOAss.cpp(68): message :         with
D:\Users\AJones45\Documents\GitHub\OOAss\OOAss.cpp(68): message :         [
D:\Users\AJones45\Documents\GitHub\OOAss\OOAss.cpp(68): message :             K=std::string,
D:\Users\AJones45\Documents\GitHub\OOAss\OOAss.cpp(68): message :             V=char
D:\Users\AJones45\Documents\GitHub\OOAss\OOAss.cpp(68): message :         ]
D:\Users\AJones45\Documents\GitHub\OOAss\OOAss.cpp(56): message :  see reference to function template instantiation 'void testCase<std::string,char>(K [],V [])' being compiled
D:\Users\AJones45\Documents\GitHub\OOAss\OOAss.cpp(56): message :         with
D:\Users\AJones45\Documents\GitHub\OOAss\OOAss.cpp(56): message :         [
D:\Users\AJones45\Documents\GitHub\OOAss\OOAss.cpp(56): message :             K=std::string,
D:\Users\AJones45\Documents\GitHub\OOAss\OOAss.cpp(56): message :             V=char
D:\Users\AJones45\Documents\GitHub\OOAss\OOAss.cpp(56): message :         ]
D:\Users\AJones45\Documents\GitHub\OOAss\Map.cpp(30,1): warning C4812:  obsolete declaration style: please use 'CMap<K,V>::CMap' instead
D:\Users\AJones45\Documents\GitHub\OOAss\Map.cpp(30,1): warning C4812:         with
D:\Users\AJones45\Documents\GitHub\OOAss\Map.cpp(30,1): warning C4812:         [
D:\Users\AJones45\Documents\GitHub\OOAss\Map.cpp(30,1): warning C4812:             K=std::string,
D:\Users\AJones45\Documents\GitHub\OOAss\Map.cpp(30,1): warning C4812:             V=std::string
D:\Users\AJones45\Documents\GitHub\OOAss\Map.cpp(30,1): warning C4812:         ]
D:\Users\AJones45\Documents\GitHub\OOAss\Map.cpp(31): message :  while compiling class template member function 'CMap<K,V>::CMap(void)'
D:\Users\AJones45\Documents\GitHub\OOAss\Map.cpp(31): message :         with
D:\Users\AJones45\Documents\GitHub\OOAss\Map.cpp(31): message :         [
D:\Users\AJones45\Documents\GitHub\OOAss\Map.cpp(31): message :             K=std::string,
D:\Users\AJones45\Documents\GitHub\OOAss\Map.cpp(31): message :             V=std::string
D:\Users\AJones45\Documents\GitHub\OOAss\Map.cpp(31): message :         ]
D:\Users\AJones45\Documents\GitHub\OOAss\OOAss.cpp(68): message :  see reference to function template instantiation 'CMap<K,V>::CMap(void)' being compiled
D:\Users\AJones45\Documents\GitHub\OOAss\OOAss.cpp(68): message :         with
D:\Users\AJones45\Documents\GitHub\OOAss\OOAss.cpp(68): message :         [
D:\Users\AJones45\Documents\GitHub\OOAss\OOAss.cpp(68): message :             K=std::string,
D:\Users\AJones45\Documents\GitHub\OOAss\OOAss.cpp(68): message :             V=std::string
D:\Users\AJones45\Documents\GitHub\OOAss\OOAss.cpp(68): message :         ]
D:\Users\AJones45\Documents\GitHub\OOAss\OOAss.cpp(68): message :  see reference to class template instantiation 'CMap<K,V>' being compiled
D:\Users\AJones45\Documents\GitHub\OOAss\OOAss.cpp(68): message :         with
D:\Users\AJones45\Documents\GitHub\OOAss\OOAss.cpp(68): message :         [
D:\Users\AJones45\Documents\GitHub\OOAss\OOAss.cpp(68): message :             K=std::string,
D:\Users\AJones45\Documents\GitHub\OOAss\OOAss.cpp(68): message :             V=std::string
D:\Users\AJones45\Documents\GitHub\OOAss\OOAss.cpp(68): message :         ]
D:\Users\AJones45\Documents\GitHub\OOAss\OOAss.cpp(57): message :  see reference to function template instantiation 'void testCase<std::string,std::string>(K [],V [])' being compiled
D:\Users\AJones45\Documents\GitHub\OOAss\OOAss.cpp(57): message :         with
D:\Users\AJones45\Documents\GitHub\OOAss\OOAss.cpp(57): message :         [
D:\Users\AJones45\Documents\GitHub\OOAss\OOAss.cpp(57): message :             K=std::string,
D:\Users\AJones45\Documents\GitHub\OOAss\OOAss.cpp(57): message :             V=std::string
D:\Users\AJones45\Documents\GitHub\OOAss\OOAss.cpp(57): message :         ]
D:\Users\AJones45\Documents\GitHub\OOAss\Map.cpp(30,1): warning C4812:  obsolete declaration style: please use 'CMap<K,V>::CMap' instead
D:\Users\AJones45\Documents\GitHub\OOAss\Map.cpp(30,1): warning C4812:         with
D:\Users\AJones45\Documents\GitHub\OOAss\Map.cpp(30,1): warning C4812:         [
D:\Users\AJones45\Documents\GitHub\OOAss\Map.cpp(30,1): warning C4812:             K=std::string,
D:\Users\AJones45\Documents\GitHub\OOAss\Map.cpp(30,1): warning C4812:             V=bool
D:\Users\AJones45\Documents\GitHub\OOAss\Map.cpp(30,1): warning C4812:         ]
D:\Users\AJones45\Documents\GitHub\OOAss\Map.cpp(31): message :  while compiling class template member function 'CMap<K,V>::CMap(void)'
D:\Users\AJones45\Documents\GitHub\OOAss\Map.cpp(31): message :         with
D:\Users\AJones45\Documents\GitHub\OOAss\Map.cpp(31): message :         [
D:\Users\AJones45\Documents\GitHub\OOAss\Map.cpp(31): message :             K=std::string,
D:\Users\AJones45\Documents\GitHub\OOAss\Map.cpp(31): message :             V=bool
D:\Users\AJones45\Documents\GitHub\OOAss\Map.cpp(31): message :         ]
D:\Users\AJones45\Documents\GitHub\OOAss\OOAss.cpp(68): message :  see reference to function template instantiation 'CMap<K,V>::CMap(void)' being compiled
D:\Users\AJones45\Documents\GitHub\OOAss\OOAss.cpp(68): message :         with
D:\Users\AJones45\Documents\GitHub\OOAss\OOAss.cpp(68): message :         [
D:\Users\AJones45\Documents\GitHub\OOAss\OOAss.cpp(68): message :             K=std::string,
D:\Users\AJones45\Documents\GitHub\OOAss\OOAss.cpp(68): message :             V=bool
D:\Users\AJones45\Documents\GitHub\OOAss\OOAss.cpp(68): message :         ]
D:\Users\AJones45\Documents\GitHub\OOAss\OOAss.cpp(68): message :  see reference to class template instantiation 'CMap<K,V>' being compiled
D:\Users\AJones45\Documents\GitHub\OOAss\OOAss.cpp(68): message :         with
D:\Users\AJones45\Documents\GitHub\OOAss\OOAss.cpp(68): message :         [
D:\Users\AJones45\Documents\GitHub\OOAss\OOAss.cpp(68): message :             K=std::string,
D:\Users\AJones45\Documents\GitHub\OOAss\OOAss.cpp(68): message :             V=bool
D:\Users\AJones45\Documents\GitHub\OOAss\OOAss.cpp(68): message :         ]
D:\Users\AJones45\Documents\GitHub\OOAss\OOAss.cpp(58): message :  see reference to function template instantiation 'void testCase<std::string,bool>(K [],V [])' being compiled
D:\Users\AJones45\Documents\GitHub\OOAss\OOAss.cpp(58): message :         with
D:\Users\AJones45\Documents\GitHub\OOAss\OOAss.cpp(58): message :         [
D:\Users\AJones45\Documents\GitHub\OOAss\OOAss.cpp(58): message :             K=std::string,
D:\Users\AJones45\Documents\GitHub\OOAss\OOAss.cpp(58): message :             V=bool
D:\Users\AJones45\Documents\GitHub\OOAss\OOAss.cpp(58): message :         ]
D:\Users\AJones45\Documents\GitHub\OOAss\Map.cpp(60): warning C4715:  'CMap<int,double>::get': not all control paths return a value
D:\Users\AJones45\Documents\GitHub\OOAss\Map.cpp(60): warning C4715:  'CMap<int,float>::get': not all control paths return a value
D:\Users\AJones45\Documents\GitHub\OOAss\Map.cpp(60): warning C4715:  'CMap<int,int>::get': not all control paths return a value
D:\Users\AJones45\Documents\GitHub\OOAss\Map.cpp(60): warning C4715:  'CMap<int,char>::get': not all control paths return a value
D:\Users\AJones45\Documents\GitHub\OOAss\Map.cpp(60): warning C4715:  'CMap<int,bool>::get': not all control paths return a value
D:\Users\AJones45\Documents\GitHub\OOAss\Map.cpp(60): warning C4715:  'CMap<double,int>::get': not all control paths return a value
D:\Users\AJones45\Documents\GitHub\OOAss\Map.cpp(60): warning C4715:  'CMap<int,std::basic_string<char,std::char_traits<char>,std::allocator<char> > >::get': not all control paths return a value
D:\Users\AJones45\Documents\GitHub\OOAss\Map.cpp(60): warning C4715:  'CMap<double,double>::get': not all control paths return a value
D:\Users\AJones45\Documents\GitHub\OOAss\Map.cpp(60): warning C4715:  'CMap<double,float>::get': not all control paths return a value
D:\Users\AJones45\Documents\GitHub\OOAss\Map.cpp(60): warning C4715:  'CMap<double,char>::get': not all control paths return a value
D:\Users\AJones45\Documents\GitHub\OOAss\Map.cpp(60): warning C4715:  'CMap<double,std::basic_string<char,std::char_traits<char>,std::allocator<char> > >::get': not all control paths return a value
D:\Users\AJones45\Documents\GitHub\OOAss\Map.cpp(60): warning C4715:  'CMap<double,bool>::get': not all control paths return a value
D:\Users\AJones45\Documents\GitHub\OOAss\Map.cpp(60): warning C4715:  'CMap<float,int>::get': not all control paths return a value
D:\Users\AJones45\Documents\GitHub\OOAss\Map.cpp(60): warning C4715:  'CMap<float,double>::get': not all control paths return a value
D:\Users\AJones45\Documents\GitHub\OOAss\Map.cpp(60): warning C4715:  'CMap<float,float>::get': not all control paths return a value
D:\Users\AJones45\Documents\GitHub\OOAss\Map.cpp(60): warning C4715:  'CMap<float,char>::get': not all control paths return a value
D:\Users\AJones45\Documents\GitHub\OOAss\Map.cpp(60): warning C4715:  'CMap<float,bool>::get': not all control paths return a value
D:\Users\AJones45\Documents\GitHub\OOAss\Map.cpp(60): warning C4715:  'CMap<float,std::basic_string<char,std::char_traits<char>,std::allocator<char> > >::get': not all control paths return a value
D:\Users\AJones45\Documents\GitHub\OOAss\Map.cpp(60): warning C4715:  'CMap<char,int>::get': not all control paths return a value
D:\Users\AJones45\Documents\GitHub\OOAss\Map.cpp(60): warning C4715:  'CMap<char,double>::get': not all control paths return a value
D:\Users\AJones45\Documents\GitHub\OOAss\Map.cpp(60): warning C4715:  'CMap<char,float>::get': not all control paths return a value
D:\Users\AJones45\Documents\GitHub\OOAss\Map.cpp(60): warning C4715:  'CMap<char,char>::get': not all control paths return a value
D:\Users\AJones45\Documents\GitHub\OOAss\Map.cpp(60): warning C4715:  'CMap<char,std::basic_string<char,std::char_traits<char>,std::allocator<char> > >::get': not all control paths return a value
D:\Users\AJones45\Documents\GitHub\OOAss\Map.cpp(60): warning C4715:  'CMap<char,bool>::get': not all control paths return a value
D:\Users\AJones45\Documents\GitHub\OOAss\Map.cpp(60): warning C4715:  'CMap<std::basic_string<char,std::char_traits<char>,std::allocator<char> >,int>::get': not all control paths return a value
D:\Users\AJones45\Documents\GitHub\OOAss\Map.cpp(60): warning C4715:  'CMap<std::basic_string<char,std::char_traits<char>,std::allocator<char> >,double>::get': not all control paths return a value
D:\Users\AJones45\Documents\GitHub\OOAss\Map.cpp(60): warning C4715:  'CMap<std::basic_string<char,std::char_traits<char>,std::allocator<char> >,float>::get': not all control paths return a value
D:\Users\AJones45\Documents\GitHub\OOAss\Map.cpp(60): warning C4715:  'CMap<std::basic_string<char,std::char_traits<char>,std::allocator<char> >,char>::get': not all control paths return a value
D:\Users\AJones45\Documents\GitHub\OOAss\Map.cpp(60): warning C4715:  'CMap<std::basic_string<char,std::char_traits<char>,std::allocator<char> >,bool>::get': not all control paths return a value
D:\Users\AJones45\Documents\GitHub\OOAss\Map.cpp(60): warning C4715:  'CMap<std::basic_string<char,std::char_traits<char>,std::allocator<char> >,std::basic_string<char,std::char_traits<char>,std::allocator<char> > >::get': not all control paths return a value
  OOAss.vcxproj -> D:\Users\AJones45\Documents\GitHub\OOAss\x64\Debug\OOAss.exe
